#
# A fatal error has been detected by the Java Runtime Environment:
#
#  SIGSEGV (0xb) at pc=0x00007f1637884d34, pid=13004, tid=0x00007f1608b04700
#
# JRE version: OpenJDK Runtime Environment (8.0_141-b15) (build 1.8.0_141-8u141-b15-1~deb9u1-b15)
# Java VM: OpenJDK 64-Bit Server VM (25.141-b15 mixed mode linux-amd64 compressed oops)
# Problematic frame:
# V  [libjvm.so+0x75dd34]  Klass::is_loader_alive(BoolObjectClosure*)+0x4
#
# Failed to write core dump. Core dumps have been disabled. To enable core dumping, try "ulimit -c unlimited" before starting Java again
#
# If you would like to submit a bug report, please visit:
#   http://bugreport.java.com/bugreport/crash.jsp
#

---------------  T H R E A D  ---------------

Current thread (0x00007f163007f800):  VMThread [stack: 0x00007f1608a04000,0x00007f1608b05000] [id=13064]

siginfo: si_signo: 11 (SIGSEGV), si_code: 128 (SI_KERNEL), si_addr: 0x0000000000000000

Registers:
RAX=0x00007f163804e260, RBX=0x0000000000000001, RCX=0x00007f15bcf3a780, RDX=0x00007f163797f5b0
RSP=0x00007f1608b03570, RBP=0x00007f1608b035c0, RSI=0x00007f163804e260, RDI=0xc0050a3000000000
R8 =0x0000000000000000, R9 =0x0000000000001000, R10=0x00007f16230b4930, R11=0x00007f1608b03608
R12=0x0000000000000001, R13=0x00007f16380162c8, R14=0x0000000000000001, R15=0x00007f15c803b2a0
RIP=0x00007f1637884d34, EFLAGS=0x0000000000010286, CSGSFS=0x002b000000000033, ERR=0x0000000000000000
  TRAPNO=0x000000000000000d

Top of Stack: (sp=0x00007f1608b03570)
0x00007f1608b03570:   00007f1608b035c0 00007f163797f613
0x00007f1608b03580:   00007f15c8037700 00007f163804e260
0x00007f1608b03590:   00007f15bcf3a320 00007f15bcf3a780
0x00007f1608b035a0:   00007f15bcf3a320 00007f15bcf3a220
0x00007f1608b035b0:   00007f15c803b2a0 00007f1637c0648c
0x00007f1608b035c0:   00007f1608b03610 00007f163798b911
0x00007f1608b035d0:   0000000000000005 00007f163804e260
0x00007f1608b035e0:   00007f1608b037b0 0000000000000001
0x00007f1608b035f0:   00000007c05cf930 00007f163804e260
0x00007f1608b03600:   00007f163804e260 00000007c05cf930
0x00007f1608b03610:   00007f1608b03640 00007f1637745ae9
0x00007f1608b03620:   00007f163002db50 00000007c05cf708
0x00007f1608b03630:   0000000000000041 00007f15ec002380
0x00007f1608b03640:   00007f1608b036e0 00007f1637884f61
0x00007f1608b03650:   00007f1637f8e768 00007f1608b03680
0x00007f1608b03660:   0000000000000000 0000000000000000
0x00007f1608b03670:   01007f1608b036c0 0000000000000200
0x00007f1608b03680:   0000000000000000 0000000000000000
0x00007f1608b03690:   0000000000000000 0000000000000000
0x00007f1608b036a0:   0000000000000000 8c2a5c3492211600
0x00007f1608b036b0:   00007f1608b036e0 00007f1608b03738
0x00007f1608b036c0:   00007f163002db50 0000000000000008
0x00007f1608b036d0:   00007f1608b037d0 00007f1608b037b0
0x00007f1608b036e0:   00007f1608b03830 00007f1637a4f349
0x00007f1608b036f0:   00007f1608b03770 00007f163804e380
0x00007f1608b03700:   00007f1608b037d0 00007f15c80c9990
0x00007f1608b03710:   0000000000000000 00000000000014fb
0x00007f1608b03720:   0000000000000197 0000000000000001
0x00007f1608b03730:   0000000000000010 0000000000000028
0x00007f1608b03740:   00007f1637f8e208 00007f163007c270
0x00007f1608b03750:   00007f1637f8e220 00007f1637959700
0x00007f1608b03760:   00007f163007c270 00007f1608b037a0 

Instructions: (pc=0x00007f1637884d34)
0x00007f1637884d14:   74 07 48 89 97 80 00 00 00 48 89 78 78 5d c3 90
0x00007f1637884d24:   66 90 66 2e 0f 1f 84 00 00 00 00 00 48 89 f0 55
0x00007f1637884d34:   48 8b 77 68 48 8b 10 48 89 c7 48 89 e5 5d 48 8b
0x00007f1637884d44:   12 ff e2 90 0f 1f 84 00 00 00 00 00 55 48 89 e5 

Register to memory mapping:

RAX=0x00007f163804e260: <offset 0xf27260> in /usr/lib/jvm/java-8-openjdk-amd64/jre/lib/amd64/server/libjvm.so at 0x00007f1637127000
RBX=0x0000000000000001 is an unknown value
RCX=0x00007f15bcf3a780 is pointing into metadata
RDX=0x00007f163797f5b0: <offset 0x8585b0> in /usr/lib/jvm/java-8-openjdk-amd64/jre/lib/amd64/server/libjvm.so at 0x00007f1637127000
RSP=0x00007f1608b03570 is an unknown value
RBP=0x00007f1608b035c0 is an unknown value
RSI=0x00007f163804e260: <offset 0xf27260> in /usr/lib/jvm/java-8-openjdk-amd64/jre/lib/amd64/server/libjvm.so at 0x00007f1637127000
RDI=0xc0050a3000000000 is an unknown value
R8 =0x0000000000000000 is an unknown value
R9 =0x0000000000001000 is an unknown value
R10=0x00007f16230b4930 is at entry_point+-16 in (nmethod*)0x00007f16230b3b10
R11=0x00007f1608b03608 is an unknown value
R12=0x0000000000000001 is an unknown value
R13=0x00007f16380162c8: <offset 0xeef2c8> in /usr/lib/jvm/java-8-openjdk-amd64/jre/lib/amd64/server/libjvm.so at 0x00007f1637127000
R14=0x0000000000000001 is an unknown value
R15=0x00007f15c803b2a0 is an unknown value


Stack: [0x00007f1608a04000,0x00007f1608b05000],  sp=0x00007f1608b03570,  free space=1021k
Native frames: (J=compiled Java code, j=interpreted, Vv=VM code, C=native code)
V  [libjvm.so+0x75dd34]  Klass::is_loader_alive(BoolObjectClosure*)+0x4
V  [libjvm.so+0x864911]  MethodData::clean_method_data(BoolObjectClosure*)+0x61
V  [libjvm.so+0x61eae9]  InstanceKlass::clean_weak_instanceklass_links(BoolObjectClosure*)+0x49
V  [libjvm.so+0x75df61]  Klass::clean_weak_klass_links(BoolObjectClosure*, bool)+0x211
V  [libjvm.so+0x928349]  PSParallelCompact::marking_phase(ParCompactionManager*, bool, ParallelOldTracer*)+0x4c9
V  [libjvm.so+0x9296e9]  PSParallelCompact::invoke_no_policy(bool) [clone .part.119]+0x439
V  [libjvm.so+0x92a09e]  PSParallelCompact::invoke(bool)+0x7e
V  [libjvm.so+0x449a33]  CollectedHeap::collect_as_vm_thread(GCCause::Cause)+0x163
V  [libjvm.so+0xa70f49]  VM_CollectForMetadataAllocation::doit()+0x169
V  [libjvm.so+0xa76857]  VM_Operation::evaluate()+0x47
V  [libjvm.so+0xa73fe7]  VMThread::evaluate_operation(VM_Operation*) [clone .constprop.30]+0xe7
V  [libjvm.so+0xa75466]  VMThread::loop()+0x246
V  [libjvm.so+0xa75961]  VMThread::run()+0x81
V  [libjvm.so+0x8bbd12]  java_start(Thread*)+0xf2

VM_Operation (0x00007f1638e52730): CollectForMetadataAllocation, mode: safepoint, requested by thread 0x00007f163000a000


---------------  P R O C E S S  ---------------

Java Threads: ( => current thread )
  0x00007f1630ccb800 JavaThread "pool-1-thread-11" [_thread_blocked, id=13662, stack(0x00007f15bd3d2000,0x00007f15bd4d3000)]
  0x00007f1630ccb000 JavaThread "pool-1-thread-10" [_thread_blocked, id=13661, stack(0x00007f15bd6d5000,0x00007f15bd7d6000)]
  0x00007f1630cca000 JavaThread "pool-1-thread-9" [_thread_blocked, id=13660, stack(0x00007f15bd8d7000,0x00007f15bd9d8000)]
  0x00007f1630cc7800 JavaThread "pool-1-thread-8" [_thread_blocked, id=13659, stack(0x00007f15bd9d8000,0x00007f15bdad9000)]
  0x00007f1630df1000 JavaThread "pool-1-thread-7" [_thread_blocked, id=13658, stack(0x00007f15bdad9000,0x00007f15bdbda000)]
  0x00007f1630def000 JavaThread "pool-1-thread-6" [_thread_blocked, id=13657, stack(0x00007f15bd5d4000,0x00007f15bd6d5000)]
  0x00007f163158c000 JavaThread "pool-1-thread-5" [_thread_blocked, id=13646, stack(0x00007f15bdfda000,0x00007f15be0db000)]
  0x00007f16309fa000 JavaThread "pool-1-thread-4" [_thread_blocked, id=13645, stack(0x00007f15be0db000,0x00007f15be1dc000)]
  0x00007f16309f7000 JavaThread "pool-1-thread-3" [_thread_blocked, id=13644, stack(0x00007f15be1dc000,0x00007f15be2dd000)]
  0x00007f16309f3000 JavaThread "pool-1-thread-2" [_thread_blocked, id=13643, stack(0x00007f15be2dd000,0x00007f15be3de000)]
  0x00007f1630dbd000 JavaThread "pool-1-thread-1" [_thread_blocked, id=13642, stack(0x00007f15be3de000,0x00007f15be4df000)]
  0x00007f1631367000 JavaThread "com.google.inject.internal.util.$Finalizer" daemon [_thread_blocked, id=13590, stack(0x00007f15bf2df000,0x00007f15bf3e0000)]
  0x00007f163123d000 JavaThread "EMF Reference Cleaner" daemon [_thread_blocked, id=13582, stack(0x00007f15c4280000,0x00007f15c4381000)]
  0x00007f16300c3000 JavaThread "Service Thread" daemon [_thread_blocked, id=13101, stack(0x00007f1608061000,0x00007f1608162000)]
  0x00007f16300bc000 JavaThread "C1 CompilerThread3" daemon [_thread_blocked, id=13096, stack(0x00007f1608162000,0x00007f1608263000)]
  0x00007f16300ba800 JavaThread "C2 CompilerThread2" daemon [_thread_blocked, id=13095, stack(0x00007f1608263000,0x00007f1608364000)]
  0x00007f16300b9000 JavaThread "C2 CompilerThread1" daemon [_thread_blocked, id=13094, stack(0x00007f1608364000,0x00007f1608465000)]
  0x00007f16300b6000 JavaThread "C2 CompilerThread0" daemon [_thread_blocked, id=13091, stack(0x00007f1608465000,0x00007f1608566000)]
  0x00007f16300b4000 JavaThread "Signal Dispatcher" daemon [_thread_blocked, id=13090, stack(0x00007f1608566000,0x00007f1608667000)]
  0x00007f163008c000 JavaThread "Finalizer" daemon [_thread_blocked, id=13076, stack(0x00007f1608802000,0x00007f1608903000)]
  0x00007f1630087000 JavaThread "Reference Handler" daemon [_thread_blocked, id=13072, stack(0x00007f1608903000,0x00007f1608a04000)]
  0x00007f163000a000 JavaThread "main" [_thread_blocked, id=13044, stack(0x00007f1638d57000,0x00007f1638e58000)]

Other Threads:
=>0x00007f163007f800 VMThread [stack: 0x00007f1608a04000,0x00007f1608b05000] [id=13064]
  0x00007f16300c5800 WatcherThread [stack: 0x00007f15f440f000,0x00007f15f4510000] [id=13106]

VM state:at safepoint (normal execution)

VM Mutex/Monitor currently owned by a thread:  ([mutex/lock_event])
[0x00007f1630006420] Threads_lock - owner thread: 0x00007f163007f800
[0x00007f1630006920] Heap_lock - owner thread: 0x00007f163000a000

Heap:
 PSYoungGen      total 563200K, used 31368K [0x0000000718b80000, 0x000000073f900000, 0x00000007c0000000)
  eden space 525312K, 0% used [0x0000000718b80000,0x0000000718b80000,0x0000000738c80000)
  from space 37888K, 82% used [0x000000073b400000,0x000000073d2a2140,0x000000073d900000)
  to   space 40448K, 0% used [0x0000000738c80000,0x0000000738c80000,0x000000073b400000)
 ParOldGen       total 266240K, used 47691K [0x00000005ca200000, 0x00000005da600000, 0x0000000718b80000)
  object space 266240K, 17% used [0x00000005ca200000,0x00000005cd092e48,0x00000005da600000)
 Metaspace       used 57189K, capacity 58961K, committed 59096K, reserved 1101824K
  class space    used 6707K, capacity 7079K, committed 7168K, reserved 1048576K

Card table byte_map: [0x00007f163448a000,0x00007f163543a000] byte_map_base: 0x00007f1631639000

Marking Bits: (ParMarkBitMap*) 0x00007f163804e2c0
 Begin Bits: [0x00007f15f4510000, 0x00007f15fc288000)
 End Bits:   [0x00007f15fc288000, 0x00007f1604000000)

Polling page: 0x00007f1638e73000

CodeCache: size=245760Kb used=33102Kb max_used=33460Kb free=212657Kb
 bounds [0x00007f1621000000, 0x00007f16230e0000, 0x00007f1630000000]
 total_blobs=10136 nmethods=9626 adapters=421
 compilation: enabled

Compilation events (10 events):
Event: 8.553 Thread 0x00007f16300b9000 nmethod 10589 0x00007f16230aff90 code [0x00007f16230b0220, 0x00007f16230b2168]
Event: 8.554 Thread 0x00007f16300ba800 nmethod 10862 0x00007f162124f650 code [0x00007f162124f7c0, 0x00007f162124fdb8]
Event: 8.573 Thread 0x00007f16300b6000 10863       4       java.lang.ClassLoader::getClassLoadingLock (35 bytes)
Event: 8.574 Thread 0x00007f16300b6000 nmethod 10863 0x00007f162117a5d0 code [0x00007f162117a720, 0x00007f162117a848]
Event: 8.592 Thread 0x00007f16300bc000 10864       3       com.sun.tools.javac.util.SharedNameTable$NameImpl::<init> (6 bytes)
Event: 8.593 Thread 0x00007f16300bc000 nmethod 10864 0x00007f16212f12d0 code [0x00007f16212f1440, 0x00007f16212f1670]
Event: 8.593 Thread 0x00007f16300bc000 10866       3       com.sun.tools.javac.util.Context::checkState (13 bytes)
Event: 8.593 Thread 0x00007f16300bc000 nmethod 10866 0x00007f1621352150 code [0x00007f16213522c0, 0x00007f16213524e8]
Event: 8.594 Thread 0x00007f16300bc000 10865       3       com.sun.tools.javac.util.Name::<init> (10 bytes)
Event: 8.594 Thread 0x00007f16300bc000 nmethod 10865 0x00007f1621148490 code [0x00007f1621148600, 0x00007f16211487d0]

GC Heap History (10 events):
Event: 4.267 GC heap after
Heap after GC invocations=6 (full 1):
 PSYoungGen      total 226304K, used 13085K [0x0000000718b80000, 0x0000000731c00000, 0x00000007c0000000)
  eden space 205312K, 0% used [0x0000000718b80000,0x0000000718b80000,0x0000000725400000)
  from space 20992K, 62% used [0x0000000725400000,0x00000007260c7770,0x0000000726880000)
  to   space 23040K, 0% used [0x0000000730580000,0x0000000730580000,0x0000000731c00000)
 ParOldGen       total 192512K, used 9607K [0x00000005ca200000, 0x00000005d5e00000, 0x0000000718b80000)
  object space 192512K, 4% used [0x00000005ca200000,0x00000005cab61c70,0x00000005d5e00000)
 Metaspace       used 34784K, capacity 35226K, committed 35456K, reserved 1081344K
  class space    used 4284K, capacity 4464K, committed 4480K, reserved 1048576K
}
Event: 4.267 GC heap before
{Heap before GC invocations=7 (full 2):
 PSYoungGen      total 226304K, used 13085K [0x0000000718b80000, 0x0000000731c00000, 0x00000007c0000000)
  eden space 205312K, 0% used [0x0000000718b80000,0x0000000718b80000,0x0000000725400000)
  from space 20992K, 62% used [0x0000000725400000,0x00000007260c7770,0x0000000726880000)
  to   space 23040K, 0% used [0x0000000730580000,0x0000000730580000,0x0000000731c00000)
 ParOldGen       total 192512K, used 9607K [0x00000005ca200000, 0x00000005d5e00000, 0x0000000718b80000)
  object space 192512K, 4% used [0x00000005ca200000,0x00000005cab61c70,0x00000005d5e00000)
 Metaspace       used 34784K, capacity 35226K, committed 35456K, reserved 1081344K
  class space    used 4284K, capacity 4464K, committed 4480K, reserved 1048576K
Event: 4.319 GC heap after
Heap after GC invocations=7 (full 2):
 PSYoungGen      total 226304K, used 0K [0x0000000718b80000, 0x0000000731c00000, 0x00000007c0000000)
  eden space 205312K, 0% used [0x0000000718b80000,0x0000000718b80000,0x0000000725400000)
  from space 20992K, 0% used [0x0000000725400000,0x0000000725400000,0x0000000726880000)
  to   space 23040K, 0% used [0x0000000730580000,0x0000000730580000,0x0000000731c00000)
 ParOldGen       total 266240K, used 21222K [0x00000005ca200000, 0x00000005da600000, 0x0000000718b80000)
  object space 266240K, 7% used [0x00000005ca200000,0x00000005cb6b9b58,0x00000005da600000)
 Metaspace       used 34784K, capacity 35226K, committed 35456K, reserved 1081344K
  class space    used 4284K, capacity 4464K, committed 4480K, reserved 1048576K
}
Event: 5.524 GC heap before
{Heap before GC invocations=8 (full 2):
 PSYoungGen      total 226304K, used 205312K [0x0000000718b80000, 0x0000000731c00000, 0x00000007c0000000)
  eden space 205312K, 100% used [0x0000000718b80000,0x0000000725400000,0x0000000725400000)
  from space 20992K, 0% used [0x0000000725400000,0x0000000725400000,0x0000000726880000)
  to   space 23040K, 0% used [0x0000000730580000,0x0000000730580000,0x0000000731c00000)
 ParOldGen       total 266240K, used 21222K [0x00000005ca200000, 0x00000005da600000, 0x0000000718b80000)
  object space 266240K, 7% used [0x00000005ca200000,0x00000005cb6b9b58,0x00000005da600000)
 Metaspace       used 42086K, capacity 42885K, committed 43136K, reserved 1087488K
  class space    used 5161K, capacity 5396K, committed 5504K, reserved 1048576K
Event: 5.539 GC heap after
Heap after GC invocations=8 (full 2):
 PSYoungGen      total 347648K, used 14996K [0x0000000718b80000, 0x0000000731480000, 0x00000007c0000000)
  eden space 332288K, 0% used [0x0000000718b80000,0x0000000718b80000,0x000000072d000000)
  from space 15360K, 97% used [0x0000000730580000,0x00000007314250d0,0x0000000731480000)
  to   space 22016K, 0% used [0x000000072e980000,0x000000072e980000,0x000000072ff00000)
 ParOldGen       total 266240K, used 21441K [0x00000005ca200000, 0x00000005da600000, 0x0000000718b80000)
  object space 266240K, 8% used [0x00000005ca200000,0x00000005cb6f06f8,0x00000005da600000)
 Metaspace       used 42086K, capacity 42885K, committed 43136K, reserved 1087488K
  class space    used 5161K, capacity 5396K, committed 5504K, reserved 1048576K
}
Event: 7.366 GC heap before
{Heap before GC invocations=9 (full 2):
 PSYoungGen      total 347648K, used 347284K [0x0000000718b80000, 0x0000000731480000, 0x00000007c0000000)
  eden space 332288K, 100% used [0x0000000718b80000,0x000000072d000000,0x000000072d000000)
  from space 15360K, 97% used [0x0000000730580000,0x00000007314250d0,0x0000000731480000)
  to   space 22016K, 0% used [0x000000072e980000,0x000000072e980000,0x000000072ff00000)
 ParOldGen       total 266240K, used 21441K [0x00000005ca200000, 0x00000005da600000, 0x0000000718b80000)
  object space 266240K, 8% used [0x00000005ca200000,0x00000005cb6f06f8,0x00000005da600000)
 Metaspace       used 51173K, capacity 52335K, committed 52480K, reserved 1095680K
  class space    used 6027K, capacity 6311K, committed 6400K, reserved 1048576K
Event: 7.397 GC heap after
Heap after GC invocations=9 (full 2):
 PSYoungGen      total 380416K, used 22012K [0x0000000718b80000, 0x000000073d900000, 0x00000007c0000000)
  eden space 358400K, 0% used [0x0000000718b80000,0x0000000718b80000,0x000000072e980000)
  from space 22016K, 99% used [0x000000072e980000,0x000000072feff3d0,0x000000072ff00000)
  to   space 37888K, 0% used [0x000000073b400000,0x000000073b400000,0x000000073d900000)
 ParOldGen       total 266240K, used 47683K [0x00000005ca200000, 0x00000005da600000, 0x0000000718b80000)
  object space 266240K, 17% used [0x00000005ca200000,0x00000005cd090e48,0x00000005da600000)
 Metaspace       used 51173K, capacity 52335K, committed 52480K, reserved 1095680K
  class space    used 6027K, capacity 6311K, committed 6400K, reserved 1048576K
}
Event: 8.596 GC heap before
{Heap before GC invocations=10 (full 2):
 PSYoungGen      total 380416K, used 176319K [0x0000000718b80000, 0x000000073d900000, 0x00000007c0000000)
  eden space 358400K, 43% used [0x0000000718b80000,0x0000000722230ac8,0x000000072e980000)
  from space 22016K, 99% used [0x000000072e980000,0x000000072feff3d0,0x000000072ff00000)
  to   space 37888K, 0% used [0x000000073b400000,0x000000073b400000,0x000000073d900000)
 ParOldGen       total 266240K, used 47683K [0x00000005ca200000, 0x00000005da600000, 0x0000000718b80000)
  object space 266240K, 17% used [0x00000005ca200000,0x00000005cd090e48,0x00000005da600000)
 Metaspace       used 57189K, capacity 58961K, committed 59096K, reserved 1101824K
  class space    used 6707K, capacity 7079K, committed 7168K, reserved 1048576K
Event: 8.610 GC heap after
Heap after GC invocations=10 (full 2):
 PSYoungGen      total 563200K, used 31368K [0x0000000718b80000, 0x000000073f900000, 0x00000007c0000000)
  eden space 525312K, 0% used [0x0000000718b80000,0x0000000718b80000,0x0000000738c80000)
  from space 37888K, 82% used [0x000000073b400000,0x000000073d2a2140,0x000000073d900000)
  to   space 40448K, 0% used [0x0000000738c80000,0x0000000738c80000,0x000000073b400000)
 ParOldGen       total 266240K, used 47691K [0x00000005ca200000, 0x00000005da600000, 0x0000000718b80000)
  object space 266240K, 17% used [0x00000005ca200000,0x00000005cd092e48,0x00000005da600000)
 Metaspace       used 57189K, capacity 58961K, committed 59096K, reserved 1101824K
  class space    used 6707K, capacity 7079K, committed 7168K, reserved 1048576K
}
Event: 8.610 GC heap before
{Heap before GC invocations=11 (full 3):
 PSYoungGen      total 563200K, used 31368K [0x0000000718b80000, 0x000000073f900000, 0x00000007c0000000)
  eden space 525312K, 0% used [0x0000000718b80000,0x0000000718b80000,0x0000000738c80000)
  from space 37888K, 82% used [0x000000073b400000,0x000000073d2a2140,0x000000073d900000)
  to   space 40448K, 0% used [0x0000000738c80000,0x0000000738c80000,0x000000073b400000)
 ParOldGen       total 266240K, used 47691K [0x00000005ca200000, 0x00000005da600000, 0x0000000718b80000)
  object space 266240K, 17% used [0x00000005ca200000,0x00000005cd092e48,0x00000005da600000)
 Metaspace       used 57189K, capacity 58961K, committed 59096K, reserved 1101824K
  class space    used 6707K, capacity 7079K, committed 7168K, reserved 1048576K

Deoptimization events (10 events):
Event: 8.238 Thread 0x00007f163000a000 Uncommon trap: reason=class_check action=maybe_recompile pc=0x00007f1622f5d394 method=java.util.Collections$UnmodifiableMap$UnmodifiableEntrySet$UnmodifiableEntry.<init>(Ljava/util/Map$Entry;)V @ 9
Event: 8.238 Thread 0x00007f163000a000 Uncommon trap: reason=class_check action=maybe_recompile pc=0x00007f1622f5d394 method=java.util.Collections$UnmodifiableMap$UnmodifiableEntrySet$UnmodifiableEntry.<init>(Ljava/util/Map$Entry;)V @ 9
Event: 8.250 Thread 0x00007f163000a000 Uncommon trap: reason=array_check action=maybe_recompile pc=0x00007f1622ce9f90 method=java.util.AbstractCollection.toArray([Ljava/lang/Object;)[Ljava/lang/Object; @ 119
Event: 8.261 Thread 0x00007f163000a000 Uncommon trap: reason=array_check action=maybe_recompile pc=0x00007f1622ce9f90 method=java.util.AbstractCollection.toArray([Ljava/lang/Object;)[Ljava/lang/Object; @ 119
Event: 8.275 Thread 0x00007f163000a000 Uncommon trap: reason=unstable_if action=reinterpret pc=0x00007f1621acc5b8 method=java.util.IdentityHashMap.put(Ljava/lang/Object;Ljava/lang/Object;)Ljava/lang/Object; @ 90
Event: 8.277 Thread 0x00007f163000a000 Uncommon trap: reason=class_check action=maybe_recompile pc=0x00007f16229f6fe8 method=java.lang.ThreadLocal$ThreadLocalMap.getEntryAfterMiss(Ljava/lang/ThreadLocal;ILjava/lang/ThreadLocal$ThreadLocalMap$Entry;)Ljava/lang/ThreadLocal$ThreadLocalMap$Entry; 
Event: 8.277 Thread 0x00007f163000a000 Uncommon trap: reason=class_check action=maybe_recompile pc=0x00007f16229f6fe8 method=java.lang.ThreadLocal$ThreadLocalMap.getEntryAfterMiss(Ljava/lang/ThreadLocal;ILjava/lang/ThreadLocal$ThreadLocalMap$Entry;)Ljava/lang/ThreadLocal$ThreadLocalMap$Entry; 
Event: 8.277 Thread 0x00007f163000a000 Uncommon trap: reason=class_check action=maybe_recompile pc=0x00007f16229f6fe8 method=java.lang.ThreadLocal$ThreadLocalMap.getEntryAfterMiss(Ljava/lang/ThreadLocal;ILjava/lang/ThreadLocal$ThreadLocalMap$Entry;)Ljava/lang/ThreadLocal$ThreadLocalMap$Entry; 
Event: 8.284 Thread 0x00007f163000a000 Uncommon trap: reason=class_check action=maybe_recompile pc=0x00007f16229f6fe8 method=java.lang.ThreadLocal$ThreadLocalMap.getEntryAfterMiss(Ljava/lang/ThreadLocal;ILjava/lang/ThreadLocal$ThreadLocalMap$Entry;)Ljava/lang/ThreadLocal$ThreadLocalMap$Entry; 
Event: 8.289 Thread 0x00007f163000a000 Uncommon trap: reason=class_check action=maybe_recompile pc=0x00007f16229f4c7c method=java.lang.ThreadLocal$ThreadLocalMap.getEntryAfterMiss(Ljava/lang/ThreadLocal;ILjava/lang/ThreadLocal$ThreadLocalMap$Entry;)Ljava/lang/ThreadLocal$ThreadLocalMap$Entry; 

Internal exceptions (10 events):
Event: 5.907 Thread 0x00007f163000a000 Exception <a 'java/lang/ArrayIndexOutOfBoundsException': 71> (0x000000071df480d0) thrown at [/build/openjdk-8-8u141-b15/src/hotspot/src/share/vm/interpreter/interpreterRuntime.cpp, line 366]
Event: 5.907 Thread 0x00007f163000a000 Exception <a 'java/lang/ArrayIndexOutOfBoundsException': 76> (0x000000071df49858) thrown at [/build/openjdk-8-8u141-b15/src/hotspot/src/share/vm/interpreter/interpreterRuntime.cpp, line 366]
Event: 5.907 Thread 0x00007f163000a000 Exception <a 'java/lang/ArrayIndexOutOfBoundsException': 73> (0x000000071df4a9e0) thrown at [/build/openjdk-8-8u141-b15/src/hotspot/src/share/vm/interpreter/interpreterRuntime.cpp, line 366]
Event: 5.907 Thread 0x00007f163000a000 Exception <a 'java/lang/ArrayIndexOutOfBoundsException': 75> (0x000000071df4bb40) thrown at [/build/openjdk-8-8u141-b15/src/hotspot/src/share/vm/interpreter/interpreterRuntime.cpp, line 366]
Event: 5.907 Thread 0x00007f163000a000 Exception <a 'java/lang/ArrayIndexOutOfBoundsException': 70> (0x000000071df4cd60) thrown at [/build/openjdk-8-8u141-b15/src/hotspot/src/share/vm/interpreter/interpreterRuntime.cpp, line 366]
Event: 5.907 Thread 0x00007f163000a000 Exception <a 'java/lang/ArrayIndexOutOfBoundsException': 78> (0x000000071df4deb8) thrown at [/build/openjdk-8-8u141-b15/src/hotspot/src/share/vm/interpreter/interpreterRuntime.cpp, line 366]
Event: 5.925 Thread 0x00007f1630d1c800 Implicit null exception at 0x00007f1621b4264c to 0x00007f1621b42fcd
Event: 7.532 Thread 0x00007f163000a000 Implicit null exception at 0x00007f162129661c to 0x00007f1621296cd9
Event: 8.147 Thread 0x00007f163000a000 Implicit null exception at 0x00007f1622eba858 to 0x00007f1622ebbf51
Event: 8.448 Thread 0x00007f163000a000 Exception <a 'java/lang/ClassNotFoundException': com/sun/tools/javac/api/JavacTool> (0x0000000721316cb8) thrown at [/build/openjdk-8-8u141-b15/src/hotspot/src/share/vm/classfile/systemDictionary.cpp, line 210]

Events (10 events):
Event: 8.595 loading class com/sun/tools/javac/jvm/ClassReader$21 done
Event: 8.595 loading class com/sun/tools/javac/jvm/ClassReader$22
Event: 8.595 loading class com/sun/tools/javac/jvm/ClassReader$22 done
Event: 8.595 loading class com/sun/tools/javac/jvm/ClassReader$23
Event: 8.595 loading class com/sun/tools/javac/jvm/ClassReader$23 done
Event: 8.595 loading class com/sun/tools/javac/jvm/ClassReader$24
Event: 8.595 loading class com/sun/tools/javac/jvm/ClassReader$24 done
Event: 8.595 loading class com/sun/tools/javac/jvm/ClassWriter
Event: 8.595 loading class com/sun/tools/javac/jvm/ClassWriter done
Event: 8.596 Executing VM operation: CollectForMetadataAllocation


Dynamic libraries:
5ca200000-5da600000 rw-p 00000000 00:00 0 
5da600000-718b80000 ---p 00000000 00:00 0 
718b80000-73f900000 rw-p 00000000 00:00 0 
73f900000-7c0000000 ---p 00000000 00:00 0 
7c0000000-7c0700000 rw-p 00000000 00:00 0 
7c0700000-800000000 ---p 00000000 00:00 0 
5604e48cd000-5604e48ce000 r-xp 00000000 08:01 6161107                    /usr/lib/jvm/java-8-openjdk-amd64/jre/bin/java
5604e4acd000-5604e4ace000 r--p 00000000 08:01 6161107                    /usr/lib/jvm/java-8-openjdk-amd64/jre/bin/java
5604e4ace000-5604e4acf000 rw-p 00001000 08:01 6161107                    /usr/lib/jvm/java-8-openjdk-amd64/jre/bin/java
5604e4c94000-5604e4cb5000 rw-p 00000000 00:00 0                          [heap]
7f1578000000-7f1578021000 rw-p 00000000 00:00 0 
7f1578021000-7f157c000000 ---p 00000000 00:00 0 
7f1580000000-7f1580021000 rw-p 00000000 00:00 0 
7f1580021000-7f1584000000 ---p 00000000 00:00 0 
7f1584000000-7f1584021000 rw-p 00000000 00:00 0 
7f1584021000-7f1588000000 ---p 00000000 00:00 0 
7f1588000000-7f1588021000 rw-p 00000000 00:00 0 
7f1588021000-7f158c000000 ---p 00000000 00:00 0 
7f158c000000-7f158c02b000 rw-p 00000000 00:00 0 
7f158c02b000-7f1590000000 ---p 00000000 00:00 0 
7f1590000000-7f1590021000 rw-p 00000000 00:00 0 
7f1590021000-7f1594000000 ---p 00000000 00:00 0 
7f1594000000-7f1594021000 rw-p 00000000 00:00 0 
7f1594021000-7f1598000000 ---p 00000000 00:00 0 
7f1598000000-7f1598021000 rw-p 00000000 00:00 0 
7f1598021000-7f159c000000 ---p 00000000 00:00 0 
7f159c000000-7f159c021000 rw-p 00000000 00:00 0 
7f159c021000-7f15a0000000 ---p 00000000 00:00 0 
7f15a0000000-7f15a0021000 rw-p 00000000 00:00 0 
7f15a0021000-7f15a4000000 ---p 00000000 00:00 0 
7f15a4000000-7f15a4021000 rw-p 00000000 00:00 0 
7f15a4021000-7f15a8000000 ---p 00000000 00:00 0 
7f15a8000000-7f15a8021000 rw-p 00000000 00:00 0 
7f15a8021000-7f15ac000000 ---p 00000000 00:00 0 
7f15ac000000-7f15ac021000 rw-p 00000000 00:00 0 
7f15ac021000-7f15b0000000 ---p 00000000 00:00 0 
7f15b0000000-7f15b0021000 rw-p 00000000 00:00 0 
7f15b0021000-7f15b4000000 ---p 00000000 00:00 0 
7f15b4000000-7f15b4021000 rw-p 00000000 00:00 0 
7f15b4021000-7f15b8000000 ---p 00000000 00:00 0 
7f15b8000000-7f15b8021000 rw-p 00000000 00:00 0 
7f15b8021000-7f15bc000000 ---p 00000000 00:00 0 
7f15bc858000-7f15bc90e000 rw-p 00000000 00:00 0 
7f15bc90e000-7f15bca58000 ---p 00000000 00:00 0 
7f15bca58000-7f15bcad1000 r--s 010fe000 08:01 6164810                    /usr/lib/jvm/java-8-openjdk-amd64/lib/tools.jar
7f15bcad1000-7f15bccd1000 rw-p 00000000 00:00 0 
7f15bccd1000-7f15bced1000 rw-p 00000000 00:00 0 
7f15bced1000-7f15bd0d1000 rw-p 00000000 00:00 0 
7f15bd0d1000-7f15bd2d1000 rw-p 00000000 00:00 0 
7f15bd2d1000-7f15bd2d4000 ---p 00000000 00:00 0 
7f15bd2d4000-7f15bd3d2000 rw-p 00000000 00:00 0 
7f15bd3d2000-7f15bd3d5000 ---p 00000000 00:00 0 
7f15bd3d5000-7f15bd4d3000 rw-p 00000000 00:00 0 
7f15bd4d3000-7f15bd4d6000 ---p 00000000 00:00 0 
7f15bd4d6000-7f15bd5d4000 rw-p 00000000 00:00 0 
7f15bd5d4000-7f15bd5d7000 ---p 00000000 00:00 0 
7f15bd5d7000-7f15bd6d5000 rw-p 00000000 00:00 0 
7f15bd6d5000-7f15bd6d8000 ---p 00000000 00:00 0 
7f15bd6d8000-7f15bd7d6000 rw-p 00000000 00:00 0 
7f15bd7d6000-7f15bd7d9000 ---p 00000000 00:00 0 
7f15bd7d9000-7f15bd8d7000 rw-p 00000000 00:00 0 
7f15bd8d7000-7f15bd8da000 ---p 00000000 00:00 0 
7f15bd8da000-7f15bd9d8000 rw-p 00000000 00:00 0 
7f15bd9d8000-7f15bd9db000 ---p 00000000 00:00 0 
7f15bd9db000-7f15bdad9000 rw-p 00000000 00:00 0 
7f15bdad9000-7f15bdadc000 ---p 00000000 00:00 0 
7f15bdadc000-7f15bddda000 rw-p 00000000 00:00 0 
7f15bddda000-7f15bdfda000 rw-p 00000000 00:00 0 
7f15bdfda000-7f15bdfdd000 ---p 00000000 00:00 0 
7f15bdfdd000-7f15be0db000 rw-p 00000000 00:00 0 
7f15be0db000-7f15be0de000 ---p 00000000 00:00 0 
7f15be0de000-7f15be1dc000 rw-p 00000000 00:00 0 
7f15be1dc000-7f15be1df000 ---p 00000000 00:00 0 
7f15be1df000-7f15be2dd000 rw-p 00000000 00:00 0 
7f15be2dd000-7f15be2e0000 ---p 00000000 00:00 0 
7f15be2e0000-7f15be3de000 rw-p 00000000 00:00 0 
7f15be3de000-7f15be3e1000 ---p 00000000 00:00 0 
7f15be3e1000-7f15be6df000 rw-p 00000000 00:00 0 
7f15be6df000-7f15be8df000 rw-p 00000000 00:00 0 
7f15be8df000-7f15beadf000 rw-p 00000000 00:00 0 
7f15beadf000-7f15becdf000 rw-p 00000000 00:00 0 
7f15becdf000-7f15beedf000 rw-p 00000000 00:00 0 
7f15beedf000-7f15bf0df000 rw-p 00000000 00:00 0 
7f15bf0df000-7f15bf2df000 rw-p 00000000 00:00 0 
7f15bf2df000-7f15bf2e2000 ---p 00000000 00:00 0 
7f15bf2e2000-7f15bf5e0000 rw-p 00000000 00:00 0 
7f15bf5e0000-7f15bf7e0000 rw-p 00000000 00:00 0 
7f15bf7e0000-7f15bf7f4000 r-xp 00000000 08:01 7077912                    /lib/x86_64-linux-gnu/libresolv-2.24.so
7f15bf7f4000-7f15bf9f3000 ---p 00014000 08:01 7077912                    /lib/x86_64-linux-gnu/libresolv-2.24.so
7f15bf9f3000-7f15bf9f4000 r--p 00013000 08:01 7077912                    /lib/x86_64-linux-gnu/libresolv-2.24.so
7f15bf9f4000-7f15bf9f5000 rw-p 00014000 08:01 7077912                    /lib/x86_64-linux-gnu/libresolv-2.24.so
7f15bf9f5000-7f15bf9f7000 rw-p 00000000 00:00 0 
7f15bf9f7000-7f15bf9fc000 r-xp 00000000 08:01 7077905                    /lib/x86_64-linux-gnu/libnss_dns-2.24.so
7f15bf9fc000-7f15bfbfb000 ---p 00005000 08:01 7077905                    /lib/x86_64-linux-gnu/libnss_dns-2.24.so
7f15bfbfb000-7f15bfbfc000 r--p 00004000 08:01 7077905                    /lib/x86_64-linux-gnu/libnss_dns-2.24.so
7f15bfbfc000-7f15bfbfd000 rw-p 00005000 08:01 7077905                    /lib/x86_64-linux-gnu/libnss_dns-2.24.so
7f15bfbfd000-7f15bfbff000 r-xp 00000000 08:01 7079681                    /lib/x86_64-linux-gnu/libnss_mdns4_minimal.so.2
7f15bfbff000-7f15bfdfe000 ---p 00002000 08:01 7079681                    /lib/x86_64-linux-gnu/libnss_mdns4_minimal.so.2
7f15bfdfe000-7f15bfdff000 r--p 00001000 08:01 7079681                    /lib/x86_64-linux-gnu/libnss_mdns4_minimal.so.2
7f15bfdff000-7f15bfe00000 rw-p 00002000 08:01 7079681                    /lib/x86_64-linux-gnu/libnss_mdns4_minimal.so.2
7f15bfe00000-7f15c0000000 rw-p 00000000 00:00 0 
7f15c0000000-7f15c0021000 rw-p 00000000 00:00 0 
7f15c0021000-7f15c4000000 ---p 00000000 00:00 0 
7f15c400a000-7f15c400d000 r--s 0001b000 08:01 656301                     /home/floris/.m2/repository/junit/junit/3.8.2/junit-3.8.2.jar
7f15c400d000-7f15c401b000 r--s 0008f000 08:01 656299                     /home/floris/.m2/repository/com/google/collections/google-collections/1.0/google-collections-1.0.jar
7f15c401b000-7f15c401c000 r--s 0000a000 08:01 656297                     /home/floris/.m2/repository/commons-logging/commons-logging-api/1.1/commons-logging-api-1.1.jar
7f15c401c000-7f15c4023000 r--s 00051000 08:01 656295                     /home/floris/.m2/repository/log4j/log4j/1.2.12/log4j-1.2.12.jar
7f15c4023000-7f15c4027000 r--s 0001d000 08:01 656293                     /home/floris/.m2/repository/org/apache/xbean/xbean-reflect/3.4/xbean-reflect-3.4.jar
7f15c4027000-7f15c4028000 r--s 00004000 08:01 788053                     /home/floris/.m2/repository/org/codehaus/plexus/plexus-compiler-javac/2.0/plexus-compiler-javac-2.0.jar
7f15c4028000-7f15c402a000 r--s 00000000 08:01 788051                     /home/floris/.m2/repository/org/codehaus/plexus/plexus-compiler-manager/2.0/plexus-compiler-manager-2.0.jar
7f15c402a000-7f15c402c000 r--s 00005000 08:01 788049                     /home/floris/.m2/repository/org/codehaus/plexus/plexus-compiler-api/2.0/plexus-compiler-api-2.0.jar
7f15c402c000-7f15c402e000 r--s 00002000 08:01 788047                     /home/floris/.m2/repository/org/apache/maven/shared/maven-shared-incremental/1.0/maven-shared-incremental-1.0.jar
7f15c402e000-7f15c4031000 r--s 00023000 08:01 656464                     /home/floris/.m2/repository/org/apache/maven/shared/maven-shared-utils/0.1/maven-shared-utils-0.1.jar
7f15c4031000-7f15c4035000 r--s 00030000 08:01 788021                     /home/floris/.m2/repository/org/codehaus/plexus/plexus-utils/1.5.1/plexus-utils-1.5.1.jar
7f15c4035000-7f15c4037000 r--s 00009000 08:01 787855                     /home/floris/.m2/repository/org/apache/maven/plugins/maven-compiler-plugin/3.0/maven-compiler-plugin-3.0.jar
7f15c4037000-7f15c4039000 r--s 0000d000 08:01 788135                     /home/floris/.m2/repository/org/codehaus/plexus/plexus-interpolation/1.13/plexus-interpolation-1.13.jar
7f15c4039000-7f15c403a000 r--s 00001000 08:01 788133                     /home/floris/.m2/repository/org/sonatype/plexus/plexus-build-api/0.0.4/plexus-build-api-0.0.4.jar
7f15c403a000-7f15c403c000 r--s 00009000 08:01 788131                     /home/floris/.m2/repository/org/apache/maven/shared/maven-filtering/1.1/maven-filtering-1.1.jar
7f15c403c000-7f15c4040000 r--s 00033000 08:01 787429                     /home/floris/.m2/repository/org/codehaus/plexus/plexus-utils/2.0.5/plexus-utils-2.0.5.jar
7f15c4040000-7f15c4042000 r--s 00002000 08:01 657637                     /home/floris/.m2/repository/org/codehaus/plexus/plexus-interactivity-api/1.0-alpha-4/plexus-interactivity-api-1.0-alpha-4.jar
7f15c4042000-7f15c4044000 r--s 00006000 08:01 788129                     /home/floris/.m2/repository/commons-cli/commons-cli/1.0/commons-cli-1.0.jar
7f15c4044000-7f15c4045000 r--s 00001000 08:01 788127                     /home/floris/.m2/repository/org/apache/maven/doxia/doxia-sink-api/1.0-alpha-7/doxia-sink-api-1.0-alpha-7.jar
7f15c4045000-7f15c4046000 r--s 00002000 08:01 788125                     /home/floris/.m2/repository/org/apache/maven/reporting/maven-reporting-api/2.0.6/maven-reporting-api-2.0.6.jar
7f15c4046000-7f15c4048000 r--s 00006000 08:01 655752                     /home/floris/.m2/repository/org/apache/maven/plugins/maven-resources-plugin/2.6/maven-resources-plugin-2.6.jar
7f15c4048000-7f15c404a000 r--s 00009000 08:01 788082                     /home/floris/.m2/repository/org/slf4j/slf4j-api/1.7.25/slf4j-api-1.7.25.jar
7f15c404a000-7f15c404c000 r--s 00011000 08:01 1180027                    /home/floris/.m2/repository/org/hamcrest/hamcrest-core/1.1/hamcrest-core-1.1.jar
7f15c404c000-7f15c4053000 r--s 00037000 08:01 1180025                    /home/floris/.m2/repository/junit/junit/4.10/junit-4.10.jar
7f15c4053000-7f15c4056000 r--s 0000b000 08:01 1316433                    /home/floris/.m2/repository/org/objenesis/objenesis/2.5.1/objenesis-2.5.1.jar
7f15c4056000-7f15c4057000 r--s 00001000 08:01 657512                     /home/floris/.m2/repository/com/esotericsoftware/minlog/1.3.0/minlog-1.3.0.jar
7f15c4057000-7f15c4059000 r--s 0000c000 08:01 1316951                    /home/floris/.m2/repository/org/ow2/asm/asm/5.0.4/asm-5.0.4.jar
7f15c4059000-7f15c405b000 r--s 00004000 08:01 1183328                    /home/floris/.m2/repository/com/esotericsoftware/reflectasm/1.11.3/reflectasm-1.11.3.jar
7f15c405b000-7f15c4062000 r--s 0004c000 08:01 1183206                    /home/floris/.m2/repository/com/esotericsoftware/kryo/4.0.1/kryo-4.0.1.jar
7f15c4062000-7f15c4066000 r--s 00037000 08:01 655736                     /home/floris/.m2/repository/org/codehaus/plexus/plexus-utils/3.0.15/plexus-utils-3.0.15.jar
7f15c4066000-7f15c4068000 r--s 00006000 08:01 656277                     /home/floris/.m2/repository/com/google/code/findbugs/jsr305/2.0.1/jsr305-2.0.1.jar
7f15c4068000-7f15c406b000 r--s 00023000 08:01 657721                     /home/floris/.m2/repository/org/apache/maven/shared/maven-shared-utils/0.4/maven-shared-utils-0.4.jar
7f15c406b000-7f15c4071000 r--s 00033000 08:01 656456                     /home/floris/.m2/repository/commons-codec/commons-codec/1.6/commons-codec-1.6.jar
7f15c4071000-7f15c4079000 r--s 00049000 08:01 656265                     /home/floris/.m2/repository/backport-util-concurrent/backport-util-concurrent/3.1/backport-util-concurrent-3.1.jar
7f15c4079000-7f15c407c000 r--s 0001b000 08:01 657643                     /home/floris/.m2/repository/junit/junit/3.8.1/junit-3.8.1.jar
7f15c407c000-7f15c407e000 r--s 0000b000 08:01 656239                     /home/floris/.m2/repository/org/codehaus/plexus/plexus-interpolation/1.11/plexus-interpolation-1.11.jar
7f15c407e000-7f15c4080000 r--s 00007000 08:01 657710                     /home/floris/.m2/repository/org/apache/maven/plugins/maven-install-plugin/2.5.2/maven-install-plugin-2.5.2.jar
7f15c4080000-7f15c4280000 rw-p 00000000 00:00 0 
7f15c4280000-7f15c4283000 ---p 00000000 00:00 0 
7f15c4283000-7f15c4381000 rw-p 00000000 00:00 0 
7f15c4381000-7f15c4386000 r--s 00042000 08:01 1050943                    /home/floris/.m2/repository/org/eclipse/emf/org.eclipse.emf.codegen/2.11.0-v20150806-0404/org.eclipse.emf.codegen-2.11.0-v20150806-0404.jar
7f15c4386000-7f15c438a000 r--s 00022000 08:01 1050941                    /home/floris/.m2/repository/org/antlr/antlr-runtime/3.2/antlr-runtime-3.2.jar
7f15c438a000-7f15c438e000 r--s 00035000 08:01 1050939                    /home/floris/.m2/repository/org/eclipse/emf/org.eclipse.emf.ecore.xmi/2.12.0/org.eclipse.emf.ecore.xmi-2.12.0.jar
7f15c438e000-7f15c4390000 r--s 00002000 08:01 656271                     /home/floris/.m2/repository/org/sonatype/plexus/plexus-cipher/1.4/plexus-cipher-1.4.jar
7f15c4390000-7f15c4391000 r--s 00006000 08:01 656269                     /home/floris/.m2/repository/org/sonatype/plexus/plexus-sec-dispatcher/1.3/plexus-sec-dispatcher-1.3.jar
7f15c4391000-7f15c4393000 r--s 00000000 08:01 656281                     /home/floris/.m2/repository/org/codehaus/plexus/plexus-component-annotations/1.5.5/plexus-component-annotations-1.5.5.jar
7f15c4393000-7f15c4397000 r--s 00038000 08:01 1050937                    /home/floris/.m2/repository/org/codehaus/plexus/plexus-utils/3.0.20/plexus-utils-3.0.20.jar
7f15c4397000-7f15c43a0000 r--s 00059000 08:01 1050933                    /home/floris/.m2/repository/org/sonatype/sisu/sisu-guice/3.2.3/sisu-guice-3.2.3-no_aop.jar
7f15c43a0000-7f15c43a7000 r--s 0004d000 08:01 1050931                    /home/floris/.m2/repository/org/eclipse/sisu/org.eclipse.sisu.inject/0.3.0.M1/org.eclipse.sisu.inject-0.3.0.M1.jar
7f15c43a7000-7f15c43cf000 r-xp 00000000 08:01 6161150                    /usr/lib/jvm/java-8-openjdk-amd64/jre/lib/amd64/libsunec.so
7f15c43cf000-7f15c45cf000 ---p 00028000 08:01 6161150                    /usr/lib/jvm/java-8-openjdk-amd64/jre/lib/amd64/libsunec.so
7f15c45cf000-7f15c45d3000 r--p 00028000 08:01 6161150                    /usr/lib/jvm/java-8-openjdk-amd64/jre/lib/amd64/libsunec.so
7f15c45d3000-7f15c45d4000 rw-p 0002c000 08:01 6161150                    /usr/lib/jvm/java-8-openjdk-amd64/jre/lib/amd64/libsunec.so
7f15c45d4000-7f15c47d4000 rw-p 00000000 00:00 0 
7f15c47d4000-7f15c47e5000 r-xp 00000000 08:01 6161146                    /usr/lib/jvm/java-8-openjdk-amd64/jre/lib/amd64/libnio.so
7f15c47e5000-7f15c49e5000 ---p 00011000 08:01 6161146                    /usr/lib/jvm/java-8-openjdk-amd64/jre/lib/amd64/libnio.so
7f15c49e5000-7f15c49e6000 r--p 00011000 08:01 6161146                    /usr/lib/jvm/java-8-openjdk-amd64/jre/lib/amd64/libnio.so
7f15c49e6000-7f15c49e7000 rw-p 00012000 08:01 6161146                    /usr/lib/jvm/java-8-openjdk-amd64/jre/lib/amd64/libnio.so
7f15c49e7000-7f15c79e8000 rw-p 00000000 00:00 0 
7f15c79e8000-7f15c79ff000 r-xp 00000000 08:01 6161145                    /usr/lib/jvm/java-8-openjdk-amd64/jre/lib/amd64/libnet.so
7f15c79ff000-7f15c7bfe000 ---p 00017000 08:01 6161145                    /usr/lib/jvm/java-8-openjdk-amd64/jre/lib/amd64/libnet.so
7f15c7bfe000-7f15c7bff000 r--p 00016000 08:01 6161145                    /usr/lib/jvm/java-8-openjdk-amd64/jre/lib/amd64/libnet.so
7f15c7bff000-7f15c7c00000 rw-p 00017000 08:01 6161145                    /usr/lib/jvm/java-8-openjdk-amd64/jre/lib/amd64/libnet.so
7f15c7c00000-7f15c7e00000 rw-p 00000000 00:00 0 
7f15c7e00000-7f15c8000000 rw-p 00000000 00:00 0 
7f15c8000000-7f15c955e000 rw-p 00000000 00:00 0 
7f15c955e000-7f15cc000000 ---p 00000000 00:00 0 
7f15cc000000-7f15cc021000 rw-p 00000000 00:00 0 
7f15cc021000-7f15d0000000 ---p 00000000 00:00 0 
7f15d0000000-7f15d1a47000 rw-p 00000000 00:00 0 
7f15d1a47000-7f15d4000000 ---p 00000000 00:00 0 
7f15d4000000-7f15d5852000 rw-p 00000000 00:00 0 
7f15d5852000-7f15d8000000 ---p 00000000 00:00 0 
7f15d8000000-7f15d8021000 rw-p 00000000 00:00 0 
7f15d8021000-7f15dc000000 ---p 00000000 00:00 0 
7f15dc000000-7f15ddade000 rw-p 00000000 00:00 0 
7f15ddade000-7f15e0000000 ---p 00000000 00:00 0 
7f15e0000000-7f15e0021000 rw-p 00000000 00:00 0 
7f15e0021000-7f15e4000000 ---p 00000000 00:00 0 
7f15e4000000-7f15e4021000 rw-p 00000000 00:00 0 
7f15e4021000-7f15e8000000 ---p 00000000 00:00 0 
7f15e8000000-7f15e8021000 rw-p 00000000 00:00 0 
7f15e8021000-7f15ec000000 ---p 00000000 00:00 0 
7f15ec000000-7f15ec278000 rw-p 00000000 00:00 0 
7f15ec278000-7f15f0000000 ---p 00000000 00:00 0 
7f15f0000000-7f15f0021000 rw-p 00000000 00:00 0 
7f15f0021000-7f15f4000000 ---p 00000000 00:00 0 
7f15f4000000-7f15f4003000 r--s 0000d000 08:01 1050935                    /home/floris/.m2/repository/org/codehaus/plexus/plexus-interpolation/1.21/plexus-interpolation-1.21.jar
7f15f4003000-7f15f4004000 r--s 00001000 08:01 921070                     /home/floris/.m2/repository/javax/annotation/jsr250-api/1.0/jsr250-api-1.0.jar
7f15f4004000-7f15f4007000 r--s 00008000 08:01 921068                     /home/floris/.m2/repository/javax/enterprise/cdi-api/1.0/cdi-api-1.0.jar
7f15f4007000-7f15f400b000 r--s 00020000 08:01 1050927                    /home/floris/.m2/repository/org/eclipse/aether/aether-util/1.0.0.v20140518/aether-util-1.0.0.v20140518.jar
7f15f400b000-7f15f400c000 r--s 0000c000 08:01 789647                     /home/floris/.m2/repository/org/ow2/asm/asm/5.0.1/asm-5.0.1.jar
7f15f400c000-7f15f400e000 r--s 00006000 08:01 1050903                    /home/floris/.m2/repository/org/ow2/asm/asm-tree/5.0.1/asm-tree-5.0.1.jar
7f15f400e000-7f15f4010000 r--s 00009000 08:01 1050901                    /home/floris/.m2/repository/org/ow2/asm/asm-commons/5.0.1/asm-commons-5.0.1.jar
7f15f4010000-7f15f4019000 r--s 0006d000 08:01 658167                     /home/floris/.m2/repository/log4j/log4j/1.2.16/log4j-1.2.16.jar
7f15f4019000-7f15f401b000 r--s 00000000 08:01 657566                     /home/floris/.m2/repository/aopalliance/aopalliance/1.0/aopalliance-1.0.jar
7f15f401b000-7f15f402a000 r--s 0009f000 08:01 657562                     /home/floris/.m2/repository/com/google/inject/guice/3.0/guice-3.0.jar
7f15f402a000-7f15f403c000 r--s 00111000 08:01 1050899                    /home/floris/.m2/repository/org/eclipse/emf/org.eclipse.emf.ecore/2.12.0/org.eclipse.emf.ecore-2.12.0.jar
7f15f403c000-7f15f4043000 r--s 00051000 08:01 1050897                    /home/floris/.m2/repository/org/eclipse/emf/org.eclipse.emf.common/2.12.0/org.eclipse.emf.common-2.12.0.jar
7f15f4043000-7f15f4047000 r--s 0000f000 08:01 1180023                    /home/floris/.m2/repository/org/eclipse/xtend/org.eclipse.xtend.lib.macro/2.12.0/org.eclipse.xtend.lib.macro-2.12.0.jar
7f15f4047000-7f15f404c000 r--s 00024000 08:01 1179733                    /home/floris/.m2/repository/org/eclipse/xtend/org.eclipse.xtend.lib/2.12.0/org.eclipse.xtend.lib-2.12.0.jar
7f15f404c000-7f15f4061000 r--s 0013d000 08:01 1050895                    /home/floris/.m2/repository/org/eclipse/platform/org.eclipse.osgi/3.11.2/org.eclipse.osgi-3.11.2.jar
7f15f4061000-7f15f4064000 r--s 0001b000 08:01 1050893                    /home/floris/.m2/repository/org/eclipse/platform/org.eclipse.equinox.common/3.8.0/org.eclipse.equinox.common-3.8.0.jar
7f15f4064000-7f15f4094000 r--s 00251000 08:01 1050064                    /home/floris/.m2/repository/org/eclipse/xtext/org.eclipse.xtext/2.12.0/org.eclipse.xtext-2.12.0.jar
7f15f4094000-7f15f4095000 r--s 00004000 08:01 1050062                    /home/floris/.m2/repository/org/eclipse/xtext/org.eclipse.xtext.smap/2.12.0/org.eclipse.xtext.smap-2.12.0.jar
7f15f4095000-7f15f409b000 r--s 0003f000 08:01 1050060                    /home/floris/.m2/repository/org/eclipse/xtext/org.eclipse.xtext.util/2.12.0/org.eclipse.xtext.util-2.12.0.jar
7f15f409b000-7f15f409f000 r--s 00021000 08:01 1180021                    /home/floris/.m2/repository/org/eclipse/xtext/org.eclipse.xtext.xbase.lib/2.12.0/org.eclipse.xtext.xbase.lib-2.12.0.jar
7f15f409f000-7f15f40a2000 r--s 00027000 08:01 1050885                    /home/floris/.m2/repository/org/eclipse/jdt/org.eclipse.jdt.compiler.apt/1.2.100/org.eclipse.jdt.compiler.apt-1.2.100.jar
7f15f40a2000-7f15f40a6000 r--s 00019000 08:01 1050883                    /home/floris/.m2/repository/org/eclipse/platform/org.eclipse.core.commands/3.8.1/org.eclipse.core.commands-3.8.1.jar
7f15f40a6000-7f15f40ab000 r--s 0003d000 08:01 1050881                    /home/floris/.m2/repository/org/eclipse/platform/org.eclipse.text/3.6.0/org.eclipse.text-3.6.0.jar
7f15f40ab000-7f15f40ad000 r--s 0000f000 08:01 1050879                    /home/floris/.m2/repository/org/eclipse/platform/org.eclipse.core.filesystem/1.6.1/org.eclipse.core.filesystem-1.6.1.jar
7f15f40ad000-7f15f40af000 r--s 00014000 08:01 1050877                    /home/floris/.m2/repository/org/eclipse/platform/org.eclipse.equinox.app/1.3.400/org.eclipse.equinox.app-1.3.400.jar
7f15f40af000-7f15f40b1000 r--s 00017000 08:01 1050875                    /home/floris/.m2/repository/org/eclipse/platform/org.eclipse.core.contenttype/3.5.100/org.eclipse.core.contenttype-3.5.100.jar
7f15f40b1000-7f15f40b4000 r--s 0001e000 08:01 1050873                    /home/floris/.m2/repository/org/eclipse/platform/org.eclipse.equinox.preferences/3.6.1/org.eclipse.equinox.preferences-3.6.1.jar
7f15f40b4000-7f15f40b8000 r--s 0002a000 08:01 1050871                    /home/floris/.m2/repository/org/eclipse/platform/org.eclipse.equinox.registry/3.6.100/org.eclipse.equinox.registry-3.6.100.jar
7f15f40b8000-7f15f40bb000 r--s 00019000 08:01 1050869                    /home/floris/.m2/repository/org/eclipse/platform/org.eclipse.core.jobs/3.8.0/org.eclipse.core.jobs-3.8.0.jar
7f15f40bb000-7f15f40bd000 r--s 00011000 08:01 1050867                    /home/floris/.m2/repository/org/eclipse/platform/org.eclipse.core.runtime/3.12.0/org.eclipse.core.runtime-3.12.0.jar
7f15f40bd000-7f15f40c0000 r--s 00014000 08:01 1050865                    /home/floris/.m2/repository/org/eclipse/platform/org.eclipse.core.expressions/3.5.100/org.eclipse.core.expressions-3.5.100.jar
7f15f40c0000-7f15f40cb000 r--s 000cd000 08:01 1050863                    /home/floris/.m2/repository/org/eclipse/platform/org.eclipse.core.resources/3.11.1/org.eclipse.core.resources-3.11.1.jar
7f15f40cb000-7f15f40fc000 r--s 0055e000 08:01 1050861                    /home/floris/.m2/repository/org/eclipse/jdt/org.eclipse.jdt.core/3.12.2/org.eclipse.jdt.core-3.12.2.jar
7f15f40fc000-7f15f4106000 r--s 00070000 08:01 1050058                    /home/floris/.m2/repository/org/eclipse/xtext/org.eclipse.xtext.common.types/2.12.0/org.eclipse.xtext.common.types-2.12.0.jar
7f15f4106000-7f15f4128000 r--s 0024c000 08:01 1050050                    /home/floris/.m2/repository/org/eclipse/xtext/org.eclipse.xtext.xbase/2.12.0/org.eclipse.xtext.xbase-2.12.0.jar
7f15f4128000-7f15f4138000 r--s 0014b000 08:01 1050048                    /home/floris/.m2/repository/org/eclipse/xtend/org.eclipse.xtend.core/2.12.0/org.eclipse.xtend.core-2.12.0.jar
7f15f4138000-7f15f4164000 r--s 00207000 08:01 920624                     /home/floris/.m2/repository/com/google/guava/guava/19.0-rc3/guava-19.0-rc3.jar
7f15f4164000-7f15f4166000 r--s 00009000 08:01 1180002                    /home/floris/.m2/repository/org/eclipse/xtend/xtend-maven-plugin/2.12.0/xtend-maven-plugin-2.12.0.jar
7f15f4166000-7f15f4179000 r--s 00346000 08:01 6161195                    /usr/lib/jvm/java-8-openjdk-amd64/jre/lib/resources.jar
7f15f4179000-7f15f417c000 r--s 00015000 08:01 6161188                    /usr/lib/jvm/java-8-openjdk-amd64/jre/lib/jce.jar
7f15f417c000-7f15f4181000 r--s 0009a000 08:01 6161190                    /usr/lib/jvm/java-8-openjdk-amd64/jre/lib/jsse.jar
7f15f4181000-7f15f4381000 rw-p 00000000 00:00 0 
7f15f4381000-7f15f4384000 r--s 00007000 08:01 5904216                    /usr/share/java/maven3-settings-builder-3.3.9.jar
7f15f4384000-7f15f43b6000 r--s 00211000 08:01 5904199                    /usr/share/java/wagon-http-shaded-2.x.jar
7f15f43b6000-7f15f43ba000 r--s 00027000 08:01 5904050                    /usr/share/java/eclipse-aether-impl.jar
7f15f43ba000-7f15f43be000 r--s 00041000 08:01 5903925                    /usr/share/java/commons-lang-2.6.jar
7f15f43be000-7f15f43c1000 r--s 0000a000 08:01 5904218                    /usr/share/java/maven3-artifact-3.3.9.jar
7f15f43c1000-7f15f43c3000 r--s 00000000 08:01 5904179                    /usr/share/java/plexus-component-annotations-1.5.jar
7f15f43c3000-7f15f43c7000 r--s 00020000 08:01 5904049                    /usr/share/java/eclipse-aether-util.jar
7f15f43c7000-7f15f43f4000 r--s 00208000 08:01 5903989                    /usr/share/java/guava.jar
7f15f43f4000-7f15f43f5000 r--s 00009000 08:01 5903964                    /usr/share/java/slf4j-api.jar
7f15f43f5000-7f15f43f7000 r--s 00001000 08:01 5904061                    /usr/share/java/aopalliance-1.0.jar
7f15f43f7000-7f15f43f9000 r--s 00001000 08:01 5904215                    /usr/share/java/maven3-builder-support-3.3.9.jar
7f15f43f9000-7f15f43fa000 r--s 00006000 08:01 5904217                    /usr/share/java/maven3-repository-metadata-3.3.9.jar
7f15f43fa000-7f15f43fb000 r--s 00006000 08:01 5904135                    /usr/share/java/plexus-sec-dispatcher.jar
7f15f43fb000-7f15f43fd000 r--s 0000e000 08:01 5903946                    /usr/share/java/plexus-interpolation.jar
7f15f43fd000-7f15f43ff000 r--s 0000d000 08:01 5904219                    /usr/share/java/maven3-aether-provider-3.3.9.jar
7f15f43ff000-7f15f4405000 r--s 0004f000 08:01 5903985                    /usr/share/java/jsoup.jar
7f15f4405000-7f15f4406000 r--s 00000000 08:01 5903911                    /usr/share/java/geronimo-interceptor-3.0-spec-1.0.1.jar
7f15f4406000-7f15f4408000 r--s 00012000 08:01 5903330                    /usr/share/java/el-api-3.0.jar
7f15f4408000-7f15f440b000 r--s 00008000 08:01 5903913                    /usr/share/java/cdi-api-1.0.jar
7f15f440b000-7f15f440f000 r--s 00038000 08:01 5904181                    /usr/share/java/plexus-utils2.jar
7f15f440f000-7f15f4410000 ---p 00000000 00:00 0 
7f15f4410000-7f1604000000 rw-p 00000000 00:00 0 
7f1604000000-7f1604021000 rw-p 00000000 00:00 0 
7f1604021000-7f1608000000 ---p 00000000 00:00 0 
7f1608000000-7f1608001000 r--s 00000000 08:01 5903907                    /usr/share/java/atinject-jsr330-api-1.0.jar
7f1608001000-7f1608006000 r--s 0002e000 08:01 5903923                    /usr/share/java/commons-io.jar
7f1608006000-7f160800d000 r--s 00041000 08:01 5904222                    /usr/share/java/maven3-compat-3.3.9.jar
7f160800d000-7f160800e000 r--s 00001000 08:01 5904195                    /usr/share/java/wagon-file-2.x.jar
7f160800e000-7f1608015000 r--s 00054000 08:01 5904191                    /usr/share/java/sisu-inject.jar
7f1608015000-7f1608017000 r--s 00027000 08:01 5904214                    /usr/share/java/maven3-model-3.3.9.jar
7f1608017000-7f1608019000 r--s 00013000 08:01 5904223                    /usr/share/java/maven3-embedder-3.3.9.jar
7f1608019000-7f1608020000 r--s 0002c000 08:01 5904193                    /usr/share/java/sisu-plexus.jar
7f1608020000-7f1608025000 r--s 00025000 08:01 5904212                    /usr/share/java/maven3-model-builder-3.3.9.jar
7f1608025000-7f160802d000 r--s 00068000 08:01 5903927                    /usr/share/java/commons-lang3.jar
7f160802d000-7f160802e000 r--s 00002000 08:01 5903970                    /usr/share/java/slf4j-simple.jar
7f160802e000-7f160802f000 r--s 00004000 08:01 5903908                    /usr/share/java/atinject-jsr330-tck-1.0.jar
7f160802f000-7f1608031000 r--s 0000a000 08:01 5904220                    /usr/share/java/maven3-plugin-api-3.3.9.jar
7f1608031000-7f160803f000 r--s 00099000 08:01 5904071                    /usr/share/java/guice.jar
7f160803f000-7f1608040000 r--s 0000a000 08:01 5904213                    /usr/share/java/maven3-settings-3.3.9.jar
7f1608040000-7f1608042000 r--s 00002000 08:01 5904133                    /usr/share/java/plexus-cipher.jar
7f1608042000-7f1608043000 r--s 00001000 08:01 5904200                    /usr/share/java/wagon-http-shared-2.x.jar
7f1608043000-7f1608050000 r--s 0008d000 08:01 5904221                    /usr/share/java/maven3-core-3.3.9.jar
7f1608050000-7f1608052000 r--s 0000a000 08:01 5903919                    /usr/share/java/commons-cli.jar
7f1608052000-7f1608054000 r--s 0000a000 08:01 5904201                    /usr/share/java/wagon-provider-api-2.x.jar
7f1608054000-7f1608056000 r--s 00006000 08:01 5904043                    /usr/share/java/eclipse-aether-spi.jar
7f1608056000-7f160805b000 r--s 0001d000 08:01 5904042                    /usr/share/java/eclipse-aether-api.jar
7f160805b000-7f160805d000 r--s 00005000 08:01 5904045                    /usr/share/java/eclipse-aether-transport-wagon.jar
7f160805d000-7f160805e000 r--s 00008000 08:01 5904044                    /usr/share/java/eclipse-aether-connector-basic.jar
7f160805e000-7f1608060000 r--s 0000a000 08:01 5904177                    /usr/share/java/plexus-classworlds2-2.5.2.jar
7f1608060000-7f1608061000 r--s 0000a000 08:01 6161170                    /usr/lib/jvm/java-8-openjdk-amd64/jre/lib/ext/jaccess.jar
7f1608061000-7f1608064000 ---p 00000000 00:00 0 
7f1608064000-7f1608162000 rw-p 00000000 00:00 0 
7f1608162000-7f1608165000 ---p 00000000 00:00 0 
7f1608165000-7f1608263000 rw-p 00000000 00:00 0 
7f1608263000-7f1608266000 ---p 00000000 00:00 0 
7f1608266000-7f1608364000 rw-p 00000000 00:00 0 
7f1608364000-7f1608367000 ---p 00000000 00:00 0 
7f1608367000-7f1608465000 rw-p 00000000 00:00 0 
7f1608465000-7f1608468000 ---p 00000000 00:00 0 
7f1608468000-7f1608566000 rw-p 00000000 00:00 0 
7f1608566000-7f1608569000 ---p 00000000 00:00 0 
7f1608569000-7f1608667000 rw-p 00000000 00:00 0 
7f1608667000-7f1608802000 r--p 00000000 08:01 5505318                    /usr/lib/locale/locale-archive
7f1608802000-7f1608805000 ---p 00000000 00:00 0 
7f1608805000-7f1608903000 rw-p 00000000 00:00 0 
7f1608903000-7f1608906000 ---p 00000000 00:00 0 
7f1608906000-7f1608a04000 rw-p 00000000 00:00 0 
7f1608a04000-7f1608a05000 ---p 00000000 00:00 0 
7f1608a05000-7f160a683000 rw-p 00000000 00:00 0 
7f160a683000-7f160a851000 r--s 03c15000 08:01 6161196                    /usr/lib/jvm/java-8-openjdk-amd64/jre/lib/rt.jar
7f160a851000-7f160c000000 rw-p 00000000 00:00 0 
7f160c000000-7f160c021000 rw-p 00000000 00:00 0 
7f160c021000-7f1610000000 ---p 00000000 00:00 0 
7f1610000000-7f1610021000 rw-p 00000000 00:00 0 
7f1610021000-7f1614000000 ---p 00000000 00:00 0 
7f1614000000-7f1614021000 rw-p 00000000 00:00 0 
7f1614021000-7f1618000000 ---p 00000000 00:00 0 
7f1618000000-7f1618021000 rw-p 00000000 00:00 0 
7f1618021000-7f161c000000 ---p 00000000 00:00 0 
7f161c000000-7f161c021000 rw-p 00000000 00:00 0 
7f161c021000-7f1620000000 ---p 00000000 00:00 0 
7f1620000000-7f1620002000 r--s 00008000 08:01 6161173                    /usr/lib/jvm/java-8-openjdk-amd64/jre/lib/ext/sunec.jar
7f1620002000-7f1620003000 r--s 00010000 08:01 6161176                    /usr/lib/jvm/java-8-openjdk-amd64/jre/lib/ext/zipfs.jar
7f1620003000-7f162001e000 r--s 001d6000 08:01 6161172                    /usr/lib/jvm/java-8-openjdk-amd64/jre/lib/ext/nashorn.jar
7f162001e000-7f1620187000 rw-p 00000000 00:00 0 
7f1620187000-7f1620188000 ---p 00000000 00:00 0 
7f1620188000-7f1620288000 rw-p 00000000 00:00 0 
7f1620288000-7f1620289000 ---p 00000000 00:00 0 
7f1620289000-7f1620389000 rw-p 00000000 00:00 0 
7f1620389000-7f162038a000 ---p 00000000 00:00 0 
7f162038a000-7f162048a000 rw-p 00000000 00:00 0 
7f162048a000-7f162048b000 ---p 00000000 00:00 0 
7f162048b000-7f162060d000 rw-p 00000000 00:00 0 
7f162060d000-7f1621000000 ---p 00000000 00:00 0 
7f1621000000-7f16230e0000 rwxp 00000000 00:00 0 
7f16230e0000-7f1630000000 ---p 00000000 00:00 0 
7f1630000000-7f1631b9f000 rw-p 00000000 00:00 0 
7f1631b9f000-7f1634000000 ---p 00000000 00:00 0 
7f1634000000-7f163400a000 r--s 00116000 08:01 6161171                    /usr/lib/jvm/java-8-openjdk-amd64/jre/lib/ext/localedata.jar
7f163400a000-7f1634086000 rw-p 00000000 00:00 0 
7f1634086000-7f1634087000 ---p 00000000 00:00 0 
7f1634087000-7f1634187000 rw-p 00000000 00:00 0 
7f1634187000-7f1634188000 ---p 00000000 00:00 0 
7f1634188000-7f1634288000 rw-p 00000000 00:00 0 
7f1634288000-7f1634289000 ---p 00000000 00:00 0 
7f1634289000-7f1634389000 rw-p 00000000 00:00 0 
7f1634389000-7f163438a000 ---p 00000000 00:00 0 
7f163438a000-7f163450c000 rw-p 00000000 00:00 0 
7f163450c000-7f1634efe000 ---p 00000000 00:00 0 
7f1634efe000-7f1635036000 rw-p 00000000 00:00 0 
7f1635036000-7f1635439000 ---p 00000000 00:00 0 
7f1635439000-7f16354be000 rw-p 00000000 00:00 0 
7f16354be000-7f16357fa000 ---p 00000000 00:00 0 
7f16357fa000-7f1635802000 r-xp 00000000 08:01 6161153                    /usr/lib/jvm/java-8-openjdk-amd64/jre/lib/amd64/libzip.so
7f1635802000-7f1635a01000 ---p 00008000 08:01 6161153                    /usr/lib/jvm/java-8-openjdk-amd64/jre/lib/amd64/libzip.so
7f1635a01000-7f1635a02000 r--p 00007000 08:01 6161153                    /usr/lib/jvm/java-8-openjdk-amd64/jre/lib/amd64/libzip.so
7f1635a02000-7f1635a03000 rw-p 00008000 08:01 6161153                    /usr/lib/jvm/java-8-openjdk-amd64/jre/lib/amd64/libzip.so
7f1635a03000-7f1635a0d000 r-xp 00000000 08:01 7077906                    /lib/x86_64-linux-gnu/libnss_files-2.24.so
7f1635a0d000-7f1635c0d000 ---p 0000a000 08:01 7077906                    /lib/x86_64-linux-gnu/libnss_files-2.24.so
7f1635c0d000-7f1635c0e000 r--p 0000a000 08:01 7077906                    /lib/x86_64-linux-gnu/libnss_files-2.24.so
7f1635c0e000-7f1635c0f000 rw-p 0000b000 08:01 7077906                    /lib/x86_64-linux-gnu/libnss_files-2.24.so
7f1635c0f000-7f1635c15000 rw-p 00000000 00:00 0 
7f1635c15000-7f1635c20000 r-xp 00000000 08:01 7077908                    /lib/x86_64-linux-gnu/libnss_nis-2.24.so
7f1635c20000-7f1635e1f000 ---p 0000b000 08:01 7077908                    /lib/x86_64-linux-gnu/libnss_nis-2.24.so
7f1635e1f000-7f1635e20000 r--p 0000a000 08:01 7077908                    /lib/x86_64-linux-gnu/libnss_nis-2.24.so
7f1635e20000-7f1635e21000 rw-p 0000b000 08:01 7077908                    /lib/x86_64-linux-gnu/libnss_nis-2.24.so
7f1635e21000-7f1635e35000 r-xp 00000000 08:01 7077903                    /lib/x86_64-linux-gnu/libnsl-2.24.so
7f1635e35000-7f1636035000 ---p 00014000 08:01 7077903                    /lib/x86_64-linux-gnu/libnsl-2.24.so
7f1636035000-7f1636036000 r--p 00014000 08:01 7077903                    /lib/x86_64-linux-gnu/libnsl-2.24.so
7f1636036000-7f1636037000 rw-p 00015000 08:01 7077903                    /lib/x86_64-linux-gnu/libnsl-2.24.so
7f1636037000-7f1636039000 rw-p 00000000 00:00 0 
7f1636039000-7f1636040000 r-xp 00000000 08:01 7077904                    /lib/x86_64-linux-gnu/libnss_compat-2.24.so
7f1636040000-7f163623f000 ---p 00007000 08:01 7077904                    /lib/x86_64-linux-gnu/libnss_compat-2.24.so
7f163623f000-7f1636240000 r--p 00006000 08:01 7077904                    /lib/x86_64-linux-gnu/libnss_compat-2.24.so
7f1636240000-7f1636241000 rw-p 00007000 08:01 7077904                    /lib/x86_64-linux-gnu/libnss_compat-2.24.so
7f1636241000-7f163626e000 r-xp 00000000 08:01 6161134                    /usr/lib/jvm/java-8-openjdk-amd64/jre/lib/amd64/libjava.so
7f163626e000-7f163646d000 ---p 0002d000 08:01 6161134                    /usr/lib/jvm/java-8-openjdk-amd64/jre/lib/amd64/libjava.so
7f163646d000-7f163646e000 r--p 0002c000 08:01 6161134                    /usr/lib/jvm/java-8-openjdk-amd64/jre/lib/amd64/libjava.so
7f163646e000-7f1636470000 rw-p 0002d000 08:01 6161134                    /usr/lib/jvm/java-8-openjdk-amd64/jre/lib/amd64/libjava.so
7f1636470000-7f163647f000 r-xp 00000000 08:01 6161152                    /usr/lib/jvm/java-8-openjdk-amd64/jre/lib/amd64/libverify.so
7f163647f000-7f163667f000 ---p 0000f000 08:01 6161152                    /usr/lib/jvm/java-8-openjdk-amd64/jre/lib/amd64/libverify.so
7f163667f000-7f1636681000 r--p 0000f000 08:01 6161152                    /usr/lib/jvm/java-8-openjdk-amd64/jre/lib/amd64/libverify.so
7f1636681000-7f1636682000 rw-p 00011000 08:01 6161152                    /usr/lib/jvm/java-8-openjdk-amd64/jre/lib/amd64/libverify.so
7f1636682000-7f1636689000 r-xp 00000000 08:01 7077913                    /lib/x86_64-linux-gnu/librt-2.24.so
7f1636689000-7f1636888000 ---p 00007000 08:01 7077913                    /lib/x86_64-linux-gnu/librt-2.24.so
7f1636888000-7f1636889000 r--p 00006000 08:01 7077913                    /lib/x86_64-linux-gnu/librt-2.24.so
7f1636889000-7f163688a000 rw-p 00007000 08:01 7077913                    /lib/x86_64-linux-gnu/librt-2.24.so
7f163688a000-7f16368a0000 r-xp 00000000 08:01 7077892                    /lib/x86_64-linux-gnu/libgcc_s.so.1
7f16368a0000-7f1636a9f000 ---p 00016000 08:01 7077892                    /lib/x86_64-linux-gnu/libgcc_s.so.1
7f1636a9f000-7f1636aa0000 r--p 00015000 08:01 7077892                    /lib/x86_64-linux-gnu/libgcc_s.so.1
7f1636aa0000-7f1636aa1000 rw-p 00016000 08:01 7077892                    /lib/x86_64-linux-gnu/libgcc_s.so.1
7f1636aa1000-7f1636ba4000 r-xp 00000000 08:01 7077900                    /lib/x86_64-linux-gnu/libm-2.24.so
7f1636ba4000-7f1636da3000 ---p 00103000 08:01 7077900                    /lib/x86_64-linux-gnu/libm-2.24.so
7f1636da3000-7f1636da4000 r--p 00102000 08:01 7077900                    /lib/x86_64-linux-gnu/libm-2.24.so
7f1636da4000-7f1636da5000 rw-p 00103000 08:01 7077900                    /lib/x86_64-linux-gnu/libm-2.24.so
7f1636da5000-7f1636f17000 r-xp 00000000 08:01 5510674                    /usr/lib/x86_64-linux-gnu/libstdc++.so.6.0.22
7f1636f17000-7f1637117000 ---p 00172000 08:01 5510674                    /usr/lib/x86_64-linux-gnu/libstdc++.so.6.0.22
7f1637117000-7f1637121000 r--p 00172000 08:01 5510674                    /usr/lib/x86_64-linux-gnu/libstdc++.so.6.0.22
7f1637121000-7f1637123000 rw-p 0017c000 08:01 5510674                    /usr/lib/x86_64-linux-gnu/libstdc++.so.6.0.22
7f1637123000-7f1637127000 rw-p 00000000 00:00 0 
7f1637127000-7f1637d7f000 r-xp 00000000 08:01 6161156                    /usr/lib/jvm/java-8-openjdk-amd64/jre/lib/amd64/server/libjvm.so
7f1637d7f000-7f1637f7f000 ---p 00c58000 08:01 6161156                    /usr/lib/jvm/java-8-openjdk-amd64/jre/lib/amd64/server/libjvm.so
7f1637f7f000-7f1638012000 r--p 00c58000 08:01 6161156                    /usr/lib/jvm/java-8-openjdk-amd64/jre/lib/amd64/server/libjvm.so
7f1638012000-7f163803b000 rw-p 00ceb000 08:01 6161156                    /usr/lib/jvm/java-8-openjdk-amd64/jre/lib/amd64/server/libjvm.so
7f163803b000-7f163806b000 rw-p 00000000 00:00 0 
7f163806b000-7f1638200000 r-xp 00000000 08:01 7077896                    /lib/x86_64-linux-gnu/libc-2.24.so
7f1638200000-7f1638400000 ---p 00195000 08:01 7077896                    /lib/x86_64-linux-gnu/libc-2.24.so
7f1638400000-7f1638404000 r--p 00195000 08:01 7077896                    /lib/x86_64-linux-gnu/libc-2.24.so
7f1638404000-7f1638406000 rw-p 00199000 08:01 7077896                    /lib/x86_64-linux-gnu/libc-2.24.so
7f1638406000-7f163840a000 rw-p 00000000 00:00 0 
7f163840a000-7f163840d000 r-xp 00000000 08:01 7077899                    /lib/x86_64-linux-gnu/libdl-2.24.so
7f163840d000-7f163860c000 ---p 00003000 08:01 7077899                    /lib/x86_64-linux-gnu/libdl-2.24.so
7f163860c000-7f163860d000 r--p 00002000 08:01 7077899                    /lib/x86_64-linux-gnu/libdl-2.24.so
7f163860d000-7f163860e000 rw-p 00003000 08:01 7077899                    /lib/x86_64-linux-gnu/libdl-2.24.so
7f163860e000-7f163861b000 r-xp 00000000 08:01 6161120                    /usr/lib/jvm/java-8-openjdk-amd64/jre/lib/amd64/jli/libjli.so
7f163861b000-7f163881b000 ---p 0000d000 08:01 6161120                    /usr/lib/jvm/java-8-openjdk-amd64/jre/lib/amd64/jli/libjli.so
7f163881b000-7f163881c000 r--p 0000d000 08:01 6161120                    /usr/lib/jvm/java-8-openjdk-amd64/jre/lib/amd64/jli/libjli.so
7f163881c000-7f163881d000 rw-p 0000e000 08:01 6161120                    /usr/lib/jvm/java-8-openjdk-amd64/jre/lib/amd64/jli/libjli.so
7f163881d000-7f1638836000 r-xp 00000000 08:01 7077978                    /lib/x86_64-linux-gnu/libz.so.1.2.8
7f1638836000-7f1638a35000 ---p 00019000 08:01 7077978                    /lib/x86_64-linux-gnu/libz.so.1.2.8
7f1638a35000-7f1638a36000 r--p 00018000 08:01 7077978                    /lib/x86_64-linux-gnu/libz.so.1.2.8
7f1638a36000-7f1638a37000 rw-p 00019000 08:01 7077978                    /lib/x86_64-linux-gnu/libz.so.1.2.8
7f1638a37000-7f1638a4f000 r-xp 00000000 08:01 7077911                    /lib/x86_64-linux-gnu/libpthread-2.24.so
7f1638a4f000-7f1638c4e000 ---p 00018000 08:01 7077911                    /lib/x86_64-linux-gnu/libpthread-2.24.so
7f1638c4e000-7f1638c4f000 r--p 00017000 08:01 7077911                    /lib/x86_64-linux-gnu/libpthread-2.24.so
7f1638c4f000-7f1638c50000 rw-p 00018000 08:01 7077911                    /lib/x86_64-linux-gnu/libpthread-2.24.so
7f1638c50000-7f1638c54000 rw-p 00000000 00:00 0 
7f1638c54000-7f1638c77000 r-xp 00000000 08:01 7077891                    /lib/x86_64-linux-gnu/ld-2.24.so
7f1638c77000-7f1638c92000 r--s 00394000 08:01 6161167                    /usr/lib/jvm/java-8-openjdk-amd64/jre/lib/ext/cldrdata.jar
7f1638c92000-7f1638d57000 rw-p 00000000 00:00 0 
7f1638d57000-7f1638d5a000 ---p 00000000 00:00 0 
7f1638d5a000-7f1638e5a000 rw-p 00000000 00:00 0 
7f1638e5a000-7f1638e5e000 r--s 00037000 08:01 6161175                    /usr/lib/jvm/java-8-openjdk-amd64/jre/lib/ext/sunpkcs11.jar
7f1638e5e000-7f1638e61000 r--s 0000f000 08:01 6161169                    /usr/lib/jvm/java-8-openjdk-amd64/jre/lib/ext/icedtea-sound.jar
7f1638e61000-7f1638e66000 r--s 0003b000 08:01 6161174                    /usr/lib/jvm/java-8-openjdk-amd64/jre/lib/ext/sunjce_provider.jar
7f1638e66000-7f1638e68000 r--s 00007000 08:01 5901568                    /usr/share/java/java-atk-wrapper.jar
7f1638e68000-7f1638e6a000 r--s 00001000 08:01 6161168                    /usr/lib/jvm/java-8-openjdk-amd64/jre/lib/ext/dnsns.jar
7f1638e6a000-7f1638e72000 rw-s 00000000 08:01 1576166                    /tmp/hsperfdata_floris/13004
7f1638e72000-7f1638e73000 rw-p 00000000 00:00 0 
7f1638e73000-7f1638e74000 ---p 00000000 00:00 0 
7f1638e74000-7f1638e77000 rw-p 00000000 00:00 0 
7f1638e77000-7f1638e78000 r--p 00023000 08:01 7077891                    /lib/x86_64-linux-gnu/ld-2.24.so
7f1638e78000-7f1638e79000 rw-p 00024000 08:01 7077891                    /lib/x86_64-linux-gnu/ld-2.24.so
7f1638e79000-7f1638e7a000 rw-p 00000000 00:00 0 
7ffed50ab000-7ffed50cc000 rw-p 00000000 00:00 0                          [stack]
7ffed5175000-7ffed5177000 r--p 00000000 00:00 0                          [vvar]
7ffed5177000-7ffed5179000 r-xp 00000000 00:00 0                          [vdso]
ffffffffff600000-ffffffffff601000 r-xp 00000000 00:00 0                  [vsyscall]

VM Arguments:
jvm_args: -Dclassworlds.conf=/usr/share/maven/bin/m2.conf -Dmaven.home=/usr/share/maven -Dmaven.multiModuleProjectDirectory=/home/floris/git/objectchain 
java_command: org.codehaus.plexus.classworlds.launcher.Launcher install
java_class_path (initial): /usr/share/maven/boot/plexus-classworlds-2.x.jar
Launcher Type: SUN_STANDARD

Environment Variables:
JAVA_HOME=/usr/lib/jvm/java-8-openjdk-amd64
PATH=/usr/local/bin:/usr/bin:/bin:/usr/local/games:/usr/games
USERNAME=floris
SHELL=/bin/bash
DISPLAY=:1

Signal Handlers:
SIGSEGV: [libjvm.so+0xa70500], sa_mask[0]=11111111011111111101111111111110, sa_flags=SA_RESTART|SA_SIGINFO
SIGBUS: [libjvm.so+0xa70500], sa_mask[0]=11111111011111111101111111111110, sa_flags=SA_RESTART|SA_SIGINFO
SIGFPE: [libjvm.so+0x8b9fa0], sa_mask[0]=11111111011111111101111111111110, sa_flags=SA_RESTART|SA_SIGINFO
SIGPIPE: [libjvm.so+0x8b9fa0], sa_mask[0]=11111111011111111101111111111110, sa_flags=SA_RESTART|SA_SIGINFO
SIGXFSZ: [libjvm.so+0x8b9fa0], sa_mask[0]=11111111011111111101111111111110, sa_flags=SA_RESTART|SA_SIGINFO
SIGILL: [libjvm.so+0x8b9fa0], sa_mask[0]=11111111011111111101111111111110, sa_flags=SA_RESTART|SA_SIGINFO
SIGUSR1: SIG_DFL, sa_mask[0]=00000000000000000000000000000000, sa_flags=none
SIGUSR2: [libjvm.so+0x8b9e50], sa_mask[0]=00000000000000000000000000000000, sa_flags=SA_RESTART|SA_SIGINFO
SIGHUP: [libjvm.so+0x8ba300], sa_mask[0]=11111111011111111101111111111110, sa_flags=SA_RESTART|SA_SIGINFO
SIGINT: [libjvm.so+0x8ba300], sa_mask[0]=11111111011111111101111111111110, sa_flags=SA_RESTART|SA_SIGINFO
SIGTERM: [libjvm.so+0x8ba300], sa_mask[0]=11111111011111111101111111111110, sa_flags=SA_RESTART|SA_SIGINFO
SIGQUIT: [libjvm.so+0x8ba300], sa_mask[0]=11111111011111111101111111111110, sa_flags=SA_RESTART|SA_SIGINFO


---------------  S Y S T E M  ---------------

OS:PRETTY_NAME="Debian GNU/Linux 9 (stretch)"
NAME="Debian GNU/Linux"
VERSION_ID="9"
VERSION="9 (stretch)"
ID=debian
HOME_URL="https://www.debian.org/"
SUPPORT_URL="https://www.debian.org/support"
BUG_REPORT_URL="https://bugs.debian.org/"

uname:Linux 4.9.0-3-amd64 #1 SMP Debian 4.9.30-2+deb9u5 (2017-09-19) x86_64
libc:glibc 2.24 NPTL 2.24 
rlimit: STACK 8192k, CORE 0k, NPROC 128377, NOFILE 1048576, AS infinity
load average:15.55 12.42 12.61

/proc/meminfo:
MemTotal:       32887976 kB
MemFree:        10112952 kB
MemAvailable:   10554044 kB
Buffers:          123072 kB
Cached:           709572 kB
SwapCached:        52564 kB
Active:         21335344 kB
Inactive:         839724 kB
Active(anon):   20909812 kB
Inactive(anon):   496636 kB
Active(file):     425532 kB
Inactive(file):   343088 kB
Unevictable:          60 kB
Mlocked:              60 kB
SwapTotal:      33488892 kB
SwapFree:       32547728 kB
Dirty:              1420 kB
Writeback:            64 kB
AnonPages:      21335908 kB
Mapped:           300988 kB
Shmem:             63708 kB
Slab:             153440 kB
SReclaimable:      75268 kB
SUnreclaim:        78172 kB
KernelStack:       21712 kB
PageTables:        81096 kB
NFS_Unstable:          0 kB
Bounce:                0 kB
WritebackTmp:          0 kB
CommitLimit:    49932880 kB
Committed_AS:   28943004 kB
VmallocTotal:   34359738367 kB
VmallocUsed:           0 kB
VmallocChunk:          0 kB
HardwareCorrupted:     0 kB
AnonHugePages:         0 kB
ShmemHugePages:        0 kB
ShmemPmdMapped:        0 kB
HugePages_Total:       0
HugePages_Free:        0
HugePages_Rsvd:        0
HugePages_Surp:        0
Hugepagesize:       2048 kB
DirectMap4k:     1066928 kB
DirectMap2M:    32423936 kB
DirectMap1G:           0 kB


CPU:total 8 (initial active 8) (4 cores per cpu, 2 threads per core) family 6 model 60 stepping 3, cmov, cx8, fxsr, mmx, sse, sse2, sse3, ssse3, sse4.1, sse4.2, popcnt, avx, avx2, aes, clmul, erms, lzcnt, ht, tsc, tscinvbit, bmi1, bmi2

/proc/cpuinfo:
processor	: 0
vendor_id	: GenuineIntel
cpu family	: 6
model		: 60
model name	: Intel(R) Core(TM) i7-4770K CPU @ 3.50GHz
stepping	: 3
microcode	: 0x22
cpu MHz		: 3785.614
cache size	: 8192 KB
physical id	: 0
siblings	: 8
core id		: 0
cpu cores	: 4
apicid		: 0
initial apicid	: 0
fpu		: yes
fpu_exception	: yes
cpuid level	: 13
wp		: yes
flags		: fpu vme de pse tsc msr pae mce cx8 apic sep mtrr pge mca cmov pat pse36 clflush dts acpi mmx fxsr sse sse2 ss ht tm pbe syscall nx pdpe1gb rdtscp lm constant_tsc arch_perfmon pebs bts rep_good nopl xtopology nonstop_tsc aperfmperf eagerfpu pni pclmulqdq dtes64 monitor ds_cpl vmx est tm2 ssse3 sdbg fma cx16 xtpr pdcm pcid sse4_1 sse4_2 movbe popcnt tsc_deadline_timer aes xsave avx f16c rdrand lahf_lm abm epb tpr_shadow vnmi flexpriority ept vpid fsgsbase tsc_adjust bmi1 avx2 smep bmi2 erms invpcid xsaveopt dtherm ida arat pln pts
bugs		:
bogomips	: 6999.94
clflush size	: 64
cache_alignment	: 64
address sizes	: 39 bits physical, 48 bits virtual
power management:

processor	: 1
vendor_id	: GenuineIntel
cpu family	: 6
model		: 60
model name	: Intel(R) Core(TM) i7-4770K CPU @ 3.50GHz
stepping	: 3
microcode	: 0x22
cpu MHz		: 3699.951
cache size	: 8192 KB
physical id	: 0
siblings	: 8
core id		: 1
cpu cores	: 4
apicid		: 2
initial apicid	: 2
fpu		: yes
fpu_exception	: yes
cpuid level	: 13
wp		: yes
flags		: fpu vme de pse tsc msr pae mce cx8 apic sep mtrr pge mca cmov pat pse36 clflush dts acpi mmx fxsr sse sse2 ss ht tm pbe syscall nx pdpe1gb rdtscp lm constant_tsc arch_perfmon pebs bts rep_good nopl xtopology nonstop_tsc aperfmperf eagerfpu pni pclmulqdq dtes64 monitor ds_cpl vmx est tm2 ssse3 sdbg fma cx16 xtpr pdcm pcid sse4_1 sse4_2 movbe popcnt tsc_deadline_timer aes xsave avx f16c rdrand lahf_lm abm epb tpr_shadow vnmi flexpriority ept vpid fsgsbase tsc_adjust bmi1 avx2 smep bmi2 erms invpcid xsaveopt dtherm ida arat pln pts
bugs		:
bogomips	: 7000.84
clflush size	: 64
cache_alignment	: 64
address sizes	: 39 bits physical, 48 bits virtual
power management:

processor	: 2
vendor_id	: GenuineIntel
cpu family	: 6
model		: 60
model name	: Intel(R) Core(TM) i7-4770K CPU @ 3.50GHz
stepping	: 3
microcode	: 0x22
cpu MHz		: 3699.951
cache size	: 8192 KB
physical id	: 0
siblings	: 8
core id		: 2
cpu cores	: 4
apicid		: 4
initial apicid	: 4
fpu		: yes
fpu_exception	: yes
cpuid level	: 13
wp		: yes
flags		: fpu vme de pse tsc msr pae mce cx8 apic sep mtrr pge mca cmov pat pse36 clflush dts acpi mmx fxsr sse sse2 ss ht tm pbe syscall nx pdpe1gb rdtscp lm constant_tsc arch_perfmon pebs bts rep_good nopl xtopology nonstop_tsc aperfmperf eagerfpu pni pclmulqdq dtes64 monitor ds_cpl vmx est tm2 ssse3 sdbg fma cx16 xtpr pdcm pcid sse4_1 sse4_2 movbe popcnt tsc_deadline_timer aes xsave avx f16c rdrand lahf_lm abm epb tpr_shadow vnmi flexpriority ept vpid fsgsbase tsc_adjust bmi1 avx2 smep bmi2 erms invpcid xsaveopt dtherm ida arat pln pts
bugs		:
bogomips	: 7000.89
clflush size	: 64
cache_alignment	: 64
address sizes	: 39 bits physical, 48 bits virtual
power management:

processor	: 3
vendor_id	: GenuineIntel
cpu family	: 6
model		: 60
model name	: Intel(R) Core(TM) i7-4770K CPU @ 3.50GHz
stepping	: 3
microcode	: 0x22
cpu MHz		: 3700.164
cache size	: 8192 KB
physical id	: 0
siblings	: 8
core id		: 3
cpu cores	: 4
apicid		: 6
initial apicid	: 6
fpu		: yes
fpu_exception	: yes
cpuid level	: 13
wp		: yes
flags		: fpu vme de pse tsc msr pae mce cx8 apic sep mtrr pge mca cmov pat pse36 clflush dts acpi mmx fxsr sse sse2 ss ht tm pbe syscall nx pdpe1gb rdtscp lm constant_tsc arch_perfmon pebs bts rep_good nopl xtopology nonstop_tsc aperfmperf eagerfpu pni pclmulqdq dtes64 monitor ds_cpl vmx est tm2 ssse3 sdbg fma cx16 xtpr pdcm pcid sse4_1 sse4_2 movbe popcnt tsc_deadline_timer aes xsave avx f16c rdrand lahf_lm abm epb tpr_shadow vnmi flexpriority ept vpid fsgsbase tsc_adjust bmi1 avx2 smep bmi2 erms invpcid xsaveopt dtherm ida arat pln pts
bugs		:
bogomips	: 7000.93
clflush size	: 64
cache_alignment	: 64
address sizes	: 39 bits physical, 48 bits virtual
power management:

processor	: 4
vendor_id	: GenuineIntel
cpu family	: 6
model		: 60
model name	: Intel(R) Core(TM) i7-4770K CPU @ 3.50GHz
stepping	: 3
microcode	: 0x22
cpu MHz		: 3706.573
cache size	: 8192 KB
physical id	: 0
siblings	: 8
core id		: 0
cpu cores	: 4
apicid		: 1
initial apicid	: 1
fpu		: yes
fpu_exception	: yes
cpuid level	: 13
wp		: yes
flags		: fpu vme de pse tsc msr pae mce cx8 apic sep mtrr pge mca cmov pat pse36 clflush dts acpi mmx fxsr sse sse2 ss ht tm pbe syscall nx pdpe1gb rdtscp lm constant_tsc arch_perfmon pebs bts rep_good nopl xtopology nonstop_tsc aperfmperf eagerfpu pni pclmulqdq dtes64 monitor ds_cpl vmx est tm2 ssse3 sdbg fma cx16 xtpr pdcm pcid sse4_1 sse4_2 movbe popcnt tsc_deadline_timer aes xsave avx f16c rdrand lahf_lm abm epb tpr_shadow vnmi flexpriority ept vpid fsgsbase tsc_adjust bmi1 avx2 smep bmi2 erms invpcid xsaveopt dtherm ida arat pln pts
bugs		:
bogomips	: 7001.24
clflush size	: 64
cache_alignment	: 64
address sizes	: 39 bits physical, 48 bits virtual
power management:

processor	: 5
vendor_id	: GenuineIntel
cpu family	: 6
model		: 60
model name	: Intel(R) Core(TM) i7-4770K CPU @ 3.50GHz
stepping	: 3
microcode	: 0x22
cpu MHz		: 3700.378
cache size	: 8192 KB
physical id	: 0
siblings	: 8
core id		: 1
cpu cores	: 4
apicid		: 3
initial apicid	: 3
fpu		: yes
fpu_exception	: yes
cpuid level	: 13
wp		: yes
flags		: fpu vme de pse tsc msr pae mce cx8 apic sep mtrr pge mca cmov pat pse36 clflush dts acpi mmx fxsr sse sse2 ss ht tm pbe syscall nx pdpe1gb rdtscp lm constant_tsc arch_perfmon pebs bts rep_good nopl xtopology nonstop_tsc aperfmperf eagerfpu pni pclmulqdq dtes64 monitor ds_cpl vmx est tm2 ssse3 sdbg fma cx16 xtpr pdcm pcid sse4_1 sse4_2 movbe popcnt tsc_deadline_timer aes xsave avx f16c rdrand lahf_lm abm epb tpr_shadow vnmi flexpriority ept vpid fsgsbase tsc_adjust bmi1 avx2 smep bmi2 erms invpcid xsaveopt dtherm ida arat pln pts
bugs		:
bogomips	: 7000.91
clflush size	: 64
cache_alignment	: 64
address sizes	: 39 bits physical, 48 bits virtual
power management:

processor	: 6
vendor_id	: GenuineIntel
cpu family	: 6
model		: 60
model name	: Intel(R) Core(TM) i7-4770K CPU @ 3.50GHz
stepping	: 3
microcode	: 0x22
cpu MHz		: 3717.681
cache size	: 8192 KB
physical id	: 0
siblings	: 8
core id		: 2
cpu cores	: 4
apicid		: 5
initial apicid	: 5
fpu		: yes
fpu_exception	: yes
cpuid level	: 13
wp		: yes
flags		: fpu vme de pse tsc msr pae mce cx8 apic sep mtrr pge mca cmov pat pse36 clflush dts acpi mmx fxsr sse sse2 ss ht tm pbe syscall nx pdpe1gb rdtscp lm constant_tsc arch_perfmon pebs bts rep_good nopl xtopology nonstop_tsc aperfmperf eagerfpu pni pclmulqdq dtes64 monitor ds_cpl vmx est tm2 ssse3 sdbg fma cx16 xtpr pdcm pcid sse4_1 sse4_2 movbe popcnt tsc_deadline_timer aes xsave avx f16c rdrand lahf_lm abm epb tpr_shadow vnmi flexpriority ept vpid fsgsbase tsc_adjust bmi1 avx2 smep bmi2 erms invpcid xsaveopt dtherm ida arat pln pts
bugs		:
bogomips	: 7000.91
clflush size	: 64
cache_alignment	: 64
address sizes	: 39 bits physical, 48 bits virtual
power management:

processor	: 7
vendor_id	: GenuineIntel
cpu family	: 6
model		: 60
model name	: Intel(R) Core(TM) i7-4770K CPU @ 3.50GHz
stepping	: 3
microcode	: 0x22
cpu MHz		: 3709.777
cache size	: 8192 KB
physical id	: 0
siblings	: 8
core id		: 3
cpu cores	: 4
apicid		: 7
initial apicid	: 7
fpu		: yes
fpu_exception	: yes
cpuid level	: 13
wp		: yes
flags		: fpu vme de pse tsc msr pae mce cx8 apic sep mtrr pge mca cmov pat pse36 clflush dts acpi mmx fxsr sse sse2 ss ht tm pbe syscall nx pdpe1gb rdtscp lm constant_tsc arch_perfmon pebs bts rep_good nopl xtopology nonstop_tsc aperfmperf eagerfpu pni pclmulqdq dtes64 monitor ds_cpl vmx est tm2 ssse3 sdbg fma cx16 xtpr pdcm pcid sse4_1 sse4_2 movbe popcnt tsc_deadline_timer aes xsave avx f16c rdrand lahf_lm abm epb tpr_shadow vnmi flexpriority ept vpid fsgsbase tsc_adjust bmi1 avx2 smep bmi2 erms invpcid xsaveopt dtherm ida arat pln pts
bugs		:
bogomips	: 7000.91
clflush size	: 64
cache_alignment	: 64
address sizes	: 39 bits physical, 48 bits virtual
power management:



Memory: 4k page, physical 32887976k(10112952k free), swap 33488892k(32547728k free)

vm_info: OpenJDK 64-Bit Server VM (25.141-b15) for linux-amd64 JRE (1.8.0_141-8u141-b15-1~deb9u1-b15), built on Jul 23 2017 12:12:42 by "pbuilder" with gcc 6.3.0 20170516

time: Wed Oct  4 11:05:31 2017
elapsed time: 8 seconds (0d 0h 0m 8s)

